##########Linting Output - pylint##########
No config file found, using default configuration
************* Module test
4,0,error,E1601:print statement used

------------------------------------
Your code has been rated at -6.67/10

##########Linting Output - pylint##########
No config file found, using default configuration
************* Module RPNDataset
13,8,error,E1601:print statement used
17,8,error,E1601:print statement used
19,20,error,E1101:Module 'cv' has no 'imread' member
10,26,warning,W0612:Unused variable 'X_test'
10,17,warning,W0612:Unused variable 'Y_train'
10,34,warning,W0612:Unused variable 'Y_test'

--------------------------------------------------------------------
Your code has been rated at -0.59/10 (previous run: -0.59/10, +0.00)


Linter 'pylint' is not installed. Please install it or select another linter".
Error: Module 'pylint' not installed.
##########Linting Output - pylint##########
No config file found, using default configuration

---------------------------------------------------------------------
Your code has been rated at 10.00/10 (previous run: -6.67/10, +16.67)

##########Linting Output - pylint##########
No config file found, using default configuration

--------------------------------------------------------------------
Your code has been rated at 10.00/10 (previous run: 10.00/10, +0.00)

##########Linting Output - pylint##########
No config file found, using default configuration

--------------------------------------------------------------------
Your code has been rated at 10.00/10 (previous run: 10.00/10, +0.00)

##########Linting Output - pylint##########
No config file found, using default configuration
************* Module RPNDataset
5,0,error,E0401:Unable to import 'tqdm'
26,20,error,E1101:Module 'cv2' has no 'imread' member
17,17,warning,W0612:Unused variable 'Y_train'
17,26,warning,W0612:Unused variable 'X_test'
17,34,warning,W0612:Unused variable 'Y_test'

-------------------------------------------------------------------
Your code has been rated at 4.35/10 (previous run: -0.59/10, +4.94)

##########Linting Output - pylint##########
No config file found, using default configuration
************* Module test
3,13,error,E1120:No value for argument 'img_width' in constructor call
3,13,error,E1120:No value for argument 'img_height' in constructor call
3,13,error,E1120:No value for argument 'img_channels' in constructor call
3,13,error,E1120:No value for argument 'train_data_dir' in constructor call
3,13,error,E1120:No value for argument 'validation_data_dir' in constructor call

------------------------------------------------------------------------
Your code has been rated at -115.00/10 (previous run: 10.00/10, -125.00)

##########Linting Output - pylint##########
No config file found, using default configuration
************* Module RPNDataset
5,0,error,E0401:Unable to import 'tqdm'
26,20,error,E1101:Module 'cv2' has no 'imread' member
17,17,warning,W0612:Unused variable 'Y_train'
17,26,warning,W0612:Unused variable 'X_test'
17,34,warning,W0612:Unused variable 'Y_test'
25,12,warning,W0612:Unused variable 'imagePath'

------------------------------------------------------------------
Your code has been rated at 3.91/10 (previous run: 4.35/10, -0.43)

##########Linting Output - pylint##########
No config file found, using default configuration
************* Module RPNDataset
5,0,error,E0401:Unable to import 'tqdm'
26,20,error,E1101:Module 'cv2' has no 'imread' member
17,17,warning,W0612:Unused variable 'Y_train'
17,26,warning,W0612:Unused variable 'X_test'
17,34,warning,W0612:Unused variable 'Y_test'

------------------------------------------------------------------
Your code has been rated at 4.35/10 (previous run: 3.91/10, +0.43)

##########Linting Output - pylint##########
No config file found, using default configuration
************* Module RPNDataset
26,20,error,E1101:Module 'cv2' has no 'imread' member
17,17,warning,W0612:Unused variable 'Y_train'
17,26,warning,W0612:Unused variable 'X_test'
17,34,warning,W0612:Unused variable 'Y_test'

------------------------------------------------------------------
Your code has been rated at 6.52/10 (previous run: 4.35/10, +2.17)

##########Linting Output - pylint##########
No config file found, using default configuration
************* Module test
3,0,error,E1101:Module 'cv2' has no 'imread' member

------------------------------------------------------------------------
Your code has been rated at -6.67/10 (previous run: -115.00/10, +108.33)

##########Linting Output - pylint##########
No config file found, using default configuration

---------------------------------------------------------------------
Your code has been rated at 10.00/10 (previous run: -6.67/10, +16.67)

##########Linting Output - pylint##########
No config file found, using default configuration

--------------------------------------------------------------------
Your code has been rated at 10.00/10 (previous run: 10.00/10, +0.00)

##########Linting Output - pylint##########
No config file found, using default configuration

--------------------------------------------------------------------
Your code has been rated at 10.00/10 (previous run: 10.00/10, +0.00)

##########Linting Output - pylint##########
No config file found, using default configuration

--------------------------------------------------------------------
Your code has been rated at 10.00/10 (previous run: 10.00/10, +0.00)

##########Linting Output - pylint##########
No config file found, using default configuration
************* Module test
3,0,error,E0001:unexpected indent (<string>, line 3)
##########Linting Output - pylint##########
No config file found, using default configuration
************* Module test
5,0,error,E0001:unexpected indent (<string>, line 5)
##########Linting Output - pylint##########
No config file found, using default configuration
************* Module test
6,12,error,E0602:Undefined variable 'tqdm'
6,17,error,E0602:Undefined variable 'os'
7,27,error,E0602:Undefined variable 'os'
7,40,error,E0602:Undefined variable 'self'

----------------------------------------------------------------------
Your code has been rated at -40.00/10 (previous run: 10.00/10, -50.00)

##########Linting Output - pylint##########
No config file found, using default configuration
************* Module test
7,12,error,E1102:tqdm is not callable
8,40,error,E0602:Undefined variable 'self'

----------------------------------------------------------------------
Your code has been rated at -6.67/10 (previous run: -40.00/10, +33.33)

##########Linting Output - pylint##########
No config file found, using default configuration
************* Module test
8,40,error,E0602:Undefined variable 'self'

-------------------------------------------------------------------
Your code has been rated at 1.67/10 (previous run: -6.67/10, +8.33)

##########Linting Output - pylint##########
No config file found, using default configuration

-------------------------------------------------------------------
Your code has been rated at 10.00/10 (previous run: 1.67/10, +8.33)

##########Linting Output - pylint##########
No config file found, using default configuration
************* Module test
11,0,error,E0001:unexpected EOF while parsing (<string>, line 11)
##########Linting Output - pylint##########
No config file found, using default configuration
************* Module test
11,0,error,E0001:EOF while scanning triple-quoted string literal (<string>, line 11)
##########Linting Output - pylint##########
No config file found, using default configuration

--------------------------------------------------------------------
Your code has been rated at 10.00/10 (previous run: 10.00/10, +0.00)

##########Linting Output - pylint##########
No config file found, using default configuration

--------------------------------------------------------------------
Your code has been rated at 10.00/10 (previous run: 10.00/10, +0.00)

##########Linting Output - pylint##########
No config file found, using default configuration

--------------------------------------------------------------------
Your code has been rated at 10.00/10 (previous run: 10.00/10, +0.00)

##########Linting Output - pylint##########
No config file found, using default configuration
************* Module test
7,98,error,E0602:Undefined variable 'filecounter'

-------------------------------------------------------------------
Your code has been rated at 1.67/10 (previous run: 10.00/10, -8.33)

##########Linting Output - pylint##########
No config file found, using default configuration
************* Module test
7,98,error,E0602:Undefined variable 'filecounter'

------------------------------------------------------------------
Your code has been rated at 1.67/10 (previous run: 1.67/10, +0.00)

##########Linting Output - pylint##########
No config file found, using default configuration

-------------------------------------------------------------------
Your code has been rated at 10.00/10 (previous run: 1.67/10, +8.33)

##########Linting Output - pylint##########
No config file found, using default configuration
************* Module test
10,0,error,E0001:unexpected indent (<string>, line 10)
##########Linting Output - pylint##########
No config file found, using default configuration
************* Module test
15,0,error,E0001:expected an indented block (<string>, line 15)
##########Linting Output - pylint##########
No config file found, using default configuration
************* Module tqdm._tqdm
585,8,error,E0401:Unable to import 'pandas.core.frame'
586,8,error,E0401:Unable to import 'pandas.core.series'
587,8,error,E0401:Unable to import 'pandas.core.groupby'
588,8,error,E0401:Unable to import 'pandas.core.groupby'
589,8,error,E0401:Unable to import 'pandas.core.groupby'
590,8,error,E0401:Unable to import 'pandas.core.groupby'
591,8,error,E0401:Unable to import 'pandas'
876,32,error,E1130:bad operand type for unary -: NoneType
985,44,error,E1130:bad operand type for unary -: NoneType
1076,36,error,E1130:bad operand type for unary -: NoneType
1143,32,error,E1130:bad operand type for unary -: NoneType
1149,32,error,E1130:bad operand type for unary -: NoneType
1238,20,error,E1130:bad operand type for unary -: NoneType
1253,20,error,E1130:bad operand type for unary -: NoneType

-----------------------------------
Your code has been rated at 8.71/10

##########Linting Output - pylint##########
No config file found, using default configuration
************* Module test
10,21,error,E0602:Undefined variable 'walkdir'
15,24,error,E0602:Undefined variable 'walkdir'
19,34,error,E0602:Undefined variable 'blocksize'
20,63,error,E0602:Undefined variable 'file'

---------------------------------------------------------------------
Your code has been rated at -1.11/10 (previous run: 10.00/10, -11.11)

##########Linting Output - pylint##########
No config file found, using default configuration

---------------------------------------------------------------------
Your code has been rated at 10.00/10 (previous run: -1.11/10, +11.11)

##########Linting Output - pylint##########
No config file found, using default configuration

--------------------------------------------------------------------
Your code has been rated at 10.00/10 (previous run: 10.00/10, +0.00)

##########Linting Output - pylint##########
No config file found, using default configuration

--------------------------------------------------------------------
Your code has been rated at 10.00/10 (previous run: 10.00/10, +0.00)

##########Linting Output - pylint##########
No config file found, using default configuration
************* Module test
14,0,error,E0001:invalid syntax (<string>, line 14)
##########Linting Output - pylint##########
No config file found, using default configuration

--------------------------------------------------------------------
Your code has been rated at 10.00/10 (previous run: 10.00/10, +0.00)

##########Linting Output - pylint##########
No config file found, using default configuration
************* Module os
71,4,error,E0401:Unable to import 'nt'
79,4,error,E0401:Unable to import 'nt'
581,10,warning,W0612:Unused variable 'tail'
856,16,warning,W0612:Unused variable 'wpid'
51,4,warning,W0614:Unused import CLD_CONTINUED from wildcard import
51,4,warning,W0614:Unused import CLD_DUMPED from wildcard import
51,4,warning,W0614:Unused import CLD_EXITED from wildcard import
51,4,warning,W0614:Unused import CLD_TRAPPED from wildcard import
51,4,warning,W0614:Unused import DirEntry from wildcard import
51,4,warning,W0614:Unused import EX_CANTCREAT from wildcard import
51,4,warning,W0614:Unused import EX_CONFIG from wildcard import
51,4,warning,W0614:Unused import EX_DATAERR from wildcard import
51,4,warning,W0614:Unused import EX_IOERR from wildcard import
51,4,warning,W0614:Unused import EX_NOHOST from wildcard import
51,4,warning,W0614:Unused import EX_NOINPUT from wildcard import
51,4,warning,W0614:Unused import EX_NOPERM from wildcard import
51,4,warning,W0614:Unused import EX_NOUSER from wildcard import
51,4,warning,W0614:Unused import EX_OK from wildcard import
51,4,warning,W0614:Unused import EX_OSERR from wildcard import
51,4,warning,W0614:Unused import EX_OSFILE from wildcard import
51,4,warning,W0614:Unused import EX_PROTOCOL from wildcard import
51,4,warning,W0614:Unused import EX_SOFTWARE from wildcard import
51,4,warning,W0614:Unused import EX_TEMPFAIL from wildcard import
51,4,warning,W0614:Unused import EX_UNAVAILABLE from wildcard import
51,4,warning,W0614:Unused import EX_USAGE from wildcard import
51,4,warning,W0614:Unused import F_LOCK from wildcard import
51,4,warning,W0614:Unused import F_OK from wildcard import
51,4,warning,W0614:Unused import F_TEST from wildcard import
51,4,warning,W0614:Unused import F_TLOCK from wildcard import
51,4,warning,W0614:Unused import F_ULOCK from wildcard import
51,4,warning,W0614:Unused import GRND_NONBLOCK from wildcard import
51,4,warning,W0614:Unused import GRND_RANDOM from wildcard import
51,4,warning,W0614:Unused import NGROUPS_MAX from wildcard import
51,4,warning,W0614:Unused import O_ACCMODE from wildcard import
51,4,warning,W0614:Unused import O_APPEND from wildcard import
51,4,warning,W0614:Unused import O_ASYNC from wildcard import
51,4,warning,W0614:Unused import O_CLOEXEC from wildcard import
51,4,warning,W0614:Unused import O_CREAT from wildcard import
51,4,warning,W0614:Unused import O_DIRECT from wildcard import
51,4,warning,W0614:Unused import O_DIRECTORY from wildcard import
51,4,warning,W0614:Unused import O_DSYNC from wildcard import
51,4,warning,W0614:Unused import O_EXCL from wildcard import
51,4,warning,W0614:Unused import O_LARGEFILE from wildcard import
51,4,warning,W0614:Unused import O_NDELAY from wildcard import
51,4,warning,W0614:Unused import O_NOATIME from wildcard import
51,4,warning,W0614:Unused import O_NOCTTY from wildcard import
51,4,warning,W0614:Unused import O_NOFOLLOW from wildcard import
51,4,warning,W0614:Unused import O_NONBLOCK from wildcard import
51,4,warning,W0614:Unused import O_PATH from wildcard import
51,4,warning,W0614:Unused import O_RDWR from wildcard import
51,4,warning,W0614:Unused import O_RSYNC from wildcard import
51,4,warning,W0614:Unused import O_SYNC from wildcard import
51,4,warning,W0614:Unused import O_TMPFILE from wildcard import
51,4,warning,W0614:Unused import O_TRUNC from wildcard import
51,4,warning,W0614:Unused import O_WRONLY from wildcard import
51,4,warning,W0614:Unused import POSIX_FADV_DONTNEED from wildcard import
51,4,warning,W0614:Unused import POSIX_FADV_NOREUSE from wildcard import
51,4,warning,W0614:Unused import POSIX_FADV_NORMAL from wildcard import
51,4,warning,W0614:Unused import POSIX_FADV_RANDOM from wildcard import
51,4,warning,W0614:Unused import POSIX_FADV_SEQUENTIAL from wildcard import
51,4,warning,W0614:Unused import POSIX_FADV_WILLNEED from wildcard import
51,4,warning,W0614:Unused import PRIO_PGRP from wildcard import
51,4,warning,W0614:Unused import PRIO_PROCESS from wildcard import
51,4,warning,W0614:Unused import PRIO_USER from wildcard import
51,4,warning,W0614:Unused import P_ALL from wildcard import
51,4,warning,W0614:Unused import P_PGID from wildcard import
51,4,warning,W0614:Unused import P_PID from wildcard import
51,4,warning,W0614:Unused import RTLD_DEEPBIND from wildcard import
51,4,warning,W0614:Unused import RTLD_GLOBAL from wildcard import
51,4,warning,W0614:Unused import RTLD_LAZY from wildcard import
51,4,warning,W0614:Unused import RTLD_LOCAL from wildcard import
51,4,warning,W0614:Unused import RTLD_NODELETE from wildcard import
51,4,warning,W0614:Unused import RTLD_NOLOAD from wildcard import
51,4,warning,W0614:Unused import RTLD_NOW from wildcard import
51,4,warning,W0614:Unused import R_OK from wildcard import
51,4,warning,W0614:Unused import SCHED_BATCH from wildcard import
51,4,warning,W0614:Unused import SCHED_FIFO from wildcard import
51,4,warning,W0614:Unused import SCHED_IDLE from wildcard import
51,4,warning,W0614:Unused import SCHED_OTHER from wildcard import
51,4,warning,W0614:Unused import SCHED_RESET_ON_FORK from wildcard import
51,4,warning,W0614:Unused import SCHED_RR from wildcard import
51,4,warning,W0614:Unused import SEEK_DATA from wildcard import
51,4,warning,W0614:Unused import SEEK_HOLE from wildcard import
51,4,warning,W0614:Unused import ST_APPEND from wildcard import
51,4,warning,W0614:Unused import ST_MANDLOCK from wildcard import
51,4,warning,W0614:Unused import ST_NOATIME from wildcard import
51,4,warning,W0614:Unused import ST_NODEV from wildcard import
51,4,warning,W0614:Unused import ST_NODIRATIME from wildcard import
51,4,warning,W0614:Unused import ST_NOEXEC from wildcard import
51,4,warning,W0614:Unused import ST_NOSUID from wildcard import
51,4,warning,W0614:Unused import ST_RDONLY from wildcard import
51,4,warning,W0614:Unused import ST_RELATIME from wildcard import
51,4,warning,W0614:Unused import ST_SYNCHRONOUS from wildcard import
51,4,warning,W0614:Unused import ST_WRITE from wildcard import
51,4,warning,W0614:Unused import TMP_MAX from wildcard import
51,4,warning,W0614:Unused import WCONTINUED from wildcard import
51,4,warning,W0614:Unused import WCOREDUMP from wildcard import
51,4,warning,W0614:Unused import WEXITED from wildcard import
51,4,warning,W0614:Unused import WIFCONTINUED from wildcard import
51,4,warning,W0614:Unused import WNOHANG from wildcard import
51,4,warning,W0614:Unused import WNOWAIT from wildcard import
51,4,warning,W0614:Unused import WSTOPPED from wildcard import
51,4,warning,W0614:Unused import WSTOPSIG from wildcard import
51,4,warning,W0614:Unused import WUNTRACED from wildcard import
51,4,warning,W0614:Unused import W_OK from wildcard import
51,4,warning,W0614:Unused import XATTR_CREATE from wildcard import
51,4,warning,W0614:Unused import XATTR_REPLACE from wildcard import
51,4,warning,W0614:Unused import XATTR_SIZE_MAX from wildcard import
51,4,warning,W0614:Unused import X_OK from wildcard import
51,4,warning,W0614:Unused import abort from wildcard import
51,4,warning,W0614:Unused import access from wildcard import
51,4,warning,W0614:Unused import chdir from wildcard import
51,4,warning,W0614:Unused import chmod from wildcard import
51,4,warning,W0614:Unused import chown from wildcard import
51,4,warning,W0614:Unused import chroot from wildcard import
51,4,warning,W0614:Unused import closerange from wildcard import
51,4,warning,W0614:Unused import confstr from wildcard import
51,4,warning,W0614:Unused import confstr_names from wildcard import
51,4,warning,W0614:Unused import cpu_count from wildcard import
51,4,warning,W0614:Unused import ctermid from wildcard import
51,4,warning,W0614:Unused import device_encoding from wildcard import
51,4,warning,W0614:Unused import dup from wildcard import
51,4,warning,W0614:Unused import dup2 from wildcard import
51,4,warning,W0614:Unused import error from wildcard import
51,4,warning,W0614:Unused import fchdir from wildcard import
51,4,warning,W0614:Unused import fchmod from wildcard import
51,4,warning,W0614:Unused import fchown from wildcard import
51,4,warning,W0614:Unused import fdatasync from wildcard import
51,4,warning,W0614:Unused import forkpty from wildcard import
51,4,warning,W0614:Unused import fpathconf from wildcard import
51,4,warning,W0614:Unused import fstat from wildcard import
51,4,warning,W0614:Unused import fstatvfs from wildcard import
51,4,warning,W0614:Unused import fsync from wildcard import
51,4,warning,W0614:Unused import ftruncate from wildcard import
51,4,warning,W0614:Unused import get_blocking from wildcard import
51,4,warning,W0614:Unused import get_inheritable from wildcard import
51,4,warning,W0614:Unused import get_terminal_size from wildcard import
51,4,warning,W0614:Unused import getcwd from wildcard import
51,4,warning,W0614:Unused import getcwdb from wildcard import
51,4,warning,W0614:Unused import getegid from wildcard import
51,4,warning,W0614:Unused import geteuid from wildcard import
51,4,warning,W0614:Unused import getgid from wildcard import
51,4,warning,W0614:Unused import getgrouplist from wildcard import
51,4,warning,W0614:Unused import getgroups from wildcard import
51,4,warning,W0614:Unused import getloadavg from wildcard import
51,4,warning,W0614:Unused import getlogin from wildcard import
51,4,warning,W0614:Unused import getpgid from wildcard import
51,4,warning,W0614:Unused import getpgrp from wildcard import
51,4,warning,W0614:Unused import getpid from wildcard import
51,4,warning,W0614:Unused import getppid from wildcard import
51,4,warning,W0614:Unused import getpriority from wildcard import
51,4,warning,W0614:Unused import getrandom from wildcard import
51,4,warning,W0614:Unused import getresgid from wildcard import
51,4,warning,W0614:Unused import getresuid from wildcard import
51,4,warning,W0614:Unused import getsid from wildcard import
51,4,warning,W0614:Unused import getuid from wildcard import
51,4,warning,W0614:Unused import getxattr from wildcard import
51,4,warning,W0614:Unused import initgroups from wildcard import
51,4,warning,W0614:Unused import isatty from wildcard import
51,4,warning,W0614:Unused import kill from wildcard import
51,4,warning,W0614:Unused import killpg from wildcard import
51,4,warning,W0614:Unused import lchown from wildcard import
51,4,warning,W0614:Unused import link from wildcard import
51,4,warning,W0614:Unused import listxattr from wildcard import
51,4,warning,W0614:Unused import lockf from wildcard import
51,4,warning,W0614:Unused import lseek from wildcard import
51,4,warning,W0614:Unused import lstat from wildcard import
51,4,warning,W0614:Unused import major from wildcard import
51,4,warning,W0614:Unused import makedev from wildcard import
51,4,warning,W0614:Unused import minor from wildcard import
51,4,warning,W0614:Unused import mkfifo from wildcard import
51,4,warning,W0614:Unused import mknod from wildcard import
51,4,warning,W0614:Unused import nice from wildcard import
51,4,warning,W0614:Unused import openpty from wildcard import
51,4,warning,W0614:Unused import pathconf from wildcard import
51,4,warning,W0614:Unused import pathconf_names from wildcard import
51,4,warning,W0614:Unused import pipe from wildcard import
51,4,warning,W0614:Unused import pipe2 from wildcard import
51,4,warning,W0614:Unused import posix_fadvise from wildcard import
51,4,warning,W0614:Unused import posix_fallocate from wildcard import
51,4,warning,W0614:Unused import pread from wildcard import
51,4,warning,W0614:Unused import pwrite from wildcard import
51,4,warning,W0614:Unused import read from wildcard import
51,4,warning,W0614:Unused import readlink from wildcard import
51,4,warning,W0614:Unused import readv from wildcard import
51,4,warning,W0614:Unused import remove from wildcard import
51,4,warning,W0614:Unused import removexattr from wildcard import
51,4,warning,W0614:Unused import replace from wildcard import
51,4,warning,W0614:Unused import sched_get_priority_max from wildcard import
51,4,warning,W0614:Unused import sched_get_priority_min from wildcard import
51,4,warning,W0614:Unused import sched_getaffinity from wildcard import
51,4,warning,W0614:Unused import sched_getparam from wildcard import
51,4,warning,W0614:Unused import sched_getscheduler from wildcard import
51,4,warning,W0614:Unused import sched_param from wildcard import
51,4,warning,W0614:Unused import sched_rr_get_interval from wildcard import
51,4,warning,W0614:Unused import sched_setaffinity from wildcard import
51,4,warning,W0614:Unused import sched_setparam from wildcard import
51,4,warning,W0614:Unused import sched_setscheduler from wildcard import
51,4,warning,W0614:Unused import sched_yield from wildcard import
51,4,warning,W0614:Unused import sendfile from wildcard import
51,4,warning,W0614:Unused import set_blocking from wildcard import
51,4,warning,W0614:Unused import set_inheritable from wildcard import
51,4,warning,W0614:Unused import setegid from wildcard import
51,4,warning,W0614:Unused import seteuid from wildcard import
51,4,warning,W0614:Unused import setgid from wildcard import
51,4,warning,W0614:Unused import setgroups from wildcard import
51,4,warning,W0614:Unused import setpgid from wildcard import
51,4,warning,W0614:Unused import setpgrp from wildcard import
51,4,warning,W0614:Unused import setpriority from wildcard import
51,4,warning,W0614:Unused import setregid from wildcard import
51,4,warning,W0614:Unused import setresgid from wildcard import
51,4,warning,W0614:Unused import setresuid from wildcard import
51,4,warning,W0614:Unused import setreuid from wildcard import
51,4,warning,W0614:Unused import setsid from wildcard import
51,4,warning,W0614:Unused import setuid from wildcard import
51,4,warning,W0614:Unused import setxattr from wildcard import
51,4,warning,W0614:Unused import stat_float_times from wildcard import
51,4,warning,W0614:Unused import stat_result from wildcard import
51,4,warning,W0614:Unused import statvfs from wildcard import
51,4,warning,W0614:Unused import statvfs_result from wildcard import
51,4,warning,W0614:Unused import strerror from wildcard import
51,4,warning,W0614:Unused import symlink from wildcard import
51,4,warning,W0614:Unused import sync from wildcard import
51,4,warning,W0614:Unused import sysconf from wildcard import
51,4,warning,W0614:Unused import sysconf_names from wildcard import
51,4,warning,W0614:Unused import system from wildcard import
51,4,warning,W0614:Unused import tcgetpgrp from wildcard import
51,4,warning,W0614:Unused import tcsetpgrp from wildcard import
51,4,warning,W0614:Unused import terminal_size from wildcard import
51,4,warning,W0614:Unused import times from wildcard import
51,4,warning,W0614:Unused import times_result from wildcard import
51,4,warning,W0614:Unused import truncate from wildcard import
51,4,warning,W0614:Unused import ttyname from wildcard import
51,4,warning,W0614:Unused import umask from wildcard import
51,4,warning,W0614:Unused import uname from wildcard import
51,4,warning,W0614:Unused import uname_result from wildcard import
51,4,warning,W0614:Unused import unlink from wildcard import
51,4,warning,W0614:Unused import urandom from wildcard import
51,4,warning,W0614:Unused import utime from wildcard import
51,4,warning,W0614:Unused import wait from wildcard import
51,4,warning,W0614:Unused import wait3 from wildcard import
51,4,warning,W0614:Unused import wait4 from wildcard import
51,4,warning,W0614:Unused import waitid from wildcard import
51,4,warning,W0614:Unused import waitid_result from wildcard import
51,4,warning,W0614:Unused import write from wildcard import
51,4,warning,W0614:Unused import writev from wildcard import

-----------------------------------
Your code has been rated at 5.27/10

##########Linting Output - pylint##########
No config file found, using default configuration
************* Module test
8,10,error,E0602:Undefined variable 'mmap'

-------------------------------------------------------------------
Your code has been rated at 6.88/10 (previous run: 10.00/10, -3.12)

##########Linting Output - pylint##########
No config file found, using default configuration

-------------------------------------------------------------------
Your code has been rated at 10.00/10 (previous run: 6.88/10, +3.12)

##########Linting Output - pylint##########
No config file found, using default configuration
************* Module test
24,4,error,E0602:Undefined variable 'c'

-------------------------------------------------------------------
Your code has been rated at 7.37/10 (previous run: 10.00/10, -2.63)

##########Linting Output - pylint##########
No config file found, using default configuration

-------------------------------------------------------------------
Your code has been rated at 10.00/10 (previous run: 7.37/10, +2.63)

##########Linting Output - pylint##########
No config file found, using default configuration

--------------------------------------------------------------------
Your code has been rated at 10.00/10 (previous run: 10.00/10, +0.00)

##########Linting Output - pylint##########
No config file found, using default configuration
************* Module test
9,13,error,E0602:Undefined variable 'RPNDataset'

-------------------------------------------------------------------
Your code has been rated at 4.44/10 (previous run: 10.00/10, -5.56)

##########Linting Output - pylint##########
No config file found, using default configuration
************* Module test
7,13,error,E1120:No value for argument 'train_data_dir' in constructor call
7,13,error,E1120:No value for argument 'validation_data_dir' in constructor call

-------------------------------------------------------------------
Your code has been rated at -4.29/10 (previous run: 4.44/10, -8.73)

##########Linting Output - pylint##########
No config file found, using default configuration

---------------------------------------------------------------------
Your code has been rated at 10.00/10 (previous run: -4.29/10, +14.29)

##########Linting Output - pylint##########
No config file found, using default configuration
************* Module RPNDataset
25,20,error,E1101:Module 'cv2' has no 'imread' member
16,17,warning,W0612:Unused variable 'Y_train'
16,26,warning,W0612:Unused variable 'X_test'
16,34,warning,W0612:Unused variable 'Y_test'

------------------------------------------------------------------
Your code has been rated at 6.36/10 (previous run: 6.52/10, -0.16)

##########Linting Output - pylint##########
No config file found, using default configuration

--------------------------------------------------------------------
Your code has been rated at 10.00/10 (previous run: 10.00/10, +0.00)

##########Linting Output - pylint##########
No config file found, using default configuration

--------------------------------------------------------------------
Your code has been rated at 10.00/10 (previous run: 10.00/10, +0.00)

##########Linting Output - pylint##########
No config file found, using default configuration
************* Module test
10,6,error,E1101:Module 'cv2' has no 'imread' member
11,0,error,E1101:Module 'cv2' has no 'imshow' member
12,0,error,E1101:Module 'cv2' has no 'waitKey' member
13,0,error,E1101:Module 'cv2' has no 'destroyAllWindows' member

---------------------------------------------------------------------
Your code has been rated at -6.67/10 (previous run: 10.00/10, -16.67)

##########Linting Output - pylint##########
No config file found, using default configuration
************* Module test
11,0,error,E1101:Module 'cv2' has no 'imshow' member
12,0,error,E1101:Module 'cv2' has no 'waitKey' member
13,0,error,E1101:Module 'cv2' has no 'destroyAllWindows' member

--------------------------------------------------------------------
Your code has been rated at -3.64/10 (previous run: -6.67/10, +3.03)

##########Linting Output - pylint##########
No config file found, using default configuration
************* Module test
11,0,error,E1101:Module 'cv2' has no 'imshow' member
12,0,error,E1101:Module 'cv2' has no 'waitKey' member
13,0,error,E1101:Module 'cv2' has no 'destroyAllWindows' member

--------------------------------------------------------------------
Your code has been rated at -3.64/10 (previous run: -3.64/10, +0.00)

