##########Linting Output - pylint##########
##########Linting Output - pylint##########
##########Linting Output - pylint##########
No config file found, using default configuration
************* Module RPNDataset
47,0,error,E0001:expected an indented block (<string>, line 47)
##########Linting Output - pylint##########
No config file found, using default configuration

--------------------------------------------------------------------
Your code has been rated at 10.00/10 (previous run: 10.00/10, +0.00)

##########Linting Output - pylint##########
No config file found, using default configuration
************* Module RPNDataset
9,0,error,E0001:invalid syntax (<string>, line 9)
##########Linting Output - pylint##########
No config file found, using default configuration
************* Module GenerateData
24,16,error,E1101:Module 'cv2' has no 'imread' member
25,16,error,E1101:Module 'cv2' has no 'resize' member
30,22,error,E1101:Module 'cv2' has no 'resize' member
36,8,error,E1101:Module 'cv2' has no 'imwrite' member
11,14,warning,W0612:Unused variable 'y_train'
11,25,warning,W0612:Unused variable 'X_test'
11,33,warning,W0612:Unused variable 'y_test'
15,4,warning,W0612:Unused variable 'classifiaction_file_name'

------------------------------------------------------------------
Your code has been rated at 5.93/10 (previous run: 5.93/10, +0.00)

