[2018-03-15 11:32:50.250] [sharedprocess] [info] main {"machineId":"72f7c7c5afc74e0187059b963369052f26426e6fa0adc938ce71c2b9b95a82d7"}
[2018-03-15 11:32:50.560] [sharedprocess] [info] Scanned user extensions: 8
[2018-03-15 11:32:50.919] [sharedprocess] [info] Scanned system extensions: 65
[2018-03-15 11:32:52.965] [sharedprocess] [info] Scanned user extensions: 8
[2018-03-15 11:32:52.974] [sharedprocess] [info] Scanned user extensions: 8
[2018-03-15 11:32:52.986] [sharedprocess] [info] Scanned user extensions: 8
[2018-03-15 11:32:53.147] [sharedprocess] [info] Scanned system extensions: 65
[2018-03-15 11:32:53.157] [sharedprocess] [info] Scanned system extensions: 65
[2018-03-15 11:32:53.381] [sharedprocess] [info] Scanned user extensions: 8
[2018-03-15 11:32:53.389] [sharedprocess] [info] Scanned user extensions: 8
[2018-03-15 11:32:53.440] [sharedprocess] [info] Scanned system extensions: 65
[2018-03-15 11:32:57.471] [sharedprocess] [info] Scanned user extensions: 8
[2018-03-15 11:38:08.147] [sharedprocess] [info] Scanned user extensions: 8
[2018-03-15 11:43:08.634] [sharedprocess] [info] Scanned user extensions: 8
[2018-03-15 11:48:09.283] [sharedprocess] [info] Scanned user extensions: 8
[2018-03-15 11:53:09.935] [sharedprocess] [info] Scanned user extensions: 8
[2018-03-15 11:54:54.801] [sharedprocess] [info] Scanned user extensions: 8
[2018-03-15 11:55:09.013] [sharedprocess] [info] Scanned user extensions: 8
[2018-03-15 11:55:09.029] [sharedprocess] [info] Scanned user extensions: 8
[2018-03-15 11:55:09.035] [sharedprocess] [info] Scanned user extensions: 8
[2018-03-15 11:55:09.194] [sharedprocess] [info] Scanned system extensions: 65
[2018-03-15 11:55:09.203] [sharedprocess] [info] Scanned system extensions: 65
[2018-03-15 11:55:17.857] [sharedprocess] [info] Scanned user extensions: 8
[2018-03-15 11:55:17.930] [sharedprocess] [info] Scanned system extensions: 65
[2018-03-15 11:55:22.640] [sharedprocess] [info] Scanned user extensions: 8
[2018-03-15 11:55:22.711] [sharedprocess] [info] Scanned system extensions: 65
[2018-03-15 11:55:26.138] [sharedprocess] [info] Scanned user extensions: 8
[2018-03-15 11:55:26.200] [sharedprocess] [info] Scanned system extensions: 65
[2018-03-15 11:55:29.475] [sharedprocess] [info] Scanned user extensions: 8
[2018-03-15 11:55:29.487] [sharedprocess] [info] Scanned user extensions: 8
[2018-03-15 11:55:29.501] [sharedprocess] [info] Scanned user extensions: 8
[2018-03-15 11:55:29.536] [sharedprocess] [info] Scanned user extensions: 8
[2018-03-15 11:55:29.558] [sharedprocess] [info] Scanned user extensions: 8
[2018-03-15 11:55:29.614] [sharedprocess] [info] Scanned user extensions: 8
[2018-03-15 11:55:29.666] [sharedprocess] [info] Scanned user extensions: 8
[2018-03-15 11:55:29.700] [sharedprocess] [info] Scanned user extensions: 8
[2018-03-15 11:55:29.927] [sharedprocess] [info] Scanned system extensions: 65
[2018-03-15 11:55:29.949] [sharedprocess] [info] Scanned system extensions: 65
[2018-03-15 11:55:29.968] [sharedprocess] [info] Scanned system extensions: 65
[2018-03-15 11:55:30.001] [sharedprocess] [info] Scanned system extensions: 65
[2018-03-15 11:55:30.020] [sharedprocess] [info] Scanned system extensions: 65
[2018-03-15 11:55:32.867] [sharedprocess] [info] Scanned user extensions: 8
[2018-03-15 11:55:44.099] [sharedprocess] [info] Scanned user extensions: 8
[2018-03-15 11:55:44.133] [sharedprocess] [info] Scanned system extensions: 65
[2018-03-15 11:56:03.973] [sharedprocess] [info] Scanned user extensions: 8
[2018-03-15 11:56:03.984] [sharedprocess] [info] Scanned user extensions: 8
[2018-03-15 11:56:04.001] [sharedprocess] [info] Scanned user extensions: 8
[2018-03-15 11:56:04.055] [sharedprocess] [info] Scanned user extensions: 8
[2018-03-15 11:56:04.067] [sharedprocess] [info] Scanned user extensions: 8
[2018-03-15 11:56:04.119] [sharedprocess] [info] Scanned user extensions: 8
[2018-03-15 11:56:04.152] [sharedprocess] [info] Scanned user extensions: 8
[2018-03-15 11:56:04.183] [sharedprocess] [info] Scanned user extensions: 8
[2018-03-15 11:56:04.421] [sharedprocess] [info] Scanned system extensions: 65
[2018-03-15 11:56:04.433] [sharedprocess] [info] Scanned system extensions: 65
[2018-03-15 11:56:04.456] [sharedprocess] [info] Scanned system extensions: 65
[2018-03-15 11:56:04.465] [sharedprocess] [info] Scanned system extensions: 65
[2018-03-15 11:56:04.496] [sharedprocess] [info] Scanned system extensions: 65
[2018-03-15 11:56:07.390] [sharedprocess] [info] Scanned user extensions: 8
[2018-03-15 11:56:32.056] [sharedprocess] [info] Scanned user extensions: 8
[2018-03-15 11:56:32.058] [sharedprocess] [info] Uninstalling extension: vscodevim.vim-0.11.2
[2018-03-15 11:56:32.059] [sharedprocess] [info] Requesting for confirmation to uninstall extension vscodevim.vim-0.11.2
[2018-03-15 11:56:32.059] [sharedprocess] [info] Routing choice request to the client window:1
[2018-03-15 11:56:33.582] [sharedprocess] [info] Scanned user extensions: 8
[2018-03-15 11:56:33.631] [sharedprocess] [info] Successfully uninstalled extension: vscodevim.vim-0.11.2
[2018-03-15 11:56:33.875] [sharedprocess] [info] Scanned user extensions: 7
[2018-03-15 11:56:33.943] [sharedprocess] [info] Scanned system extensions: 65
[2018-03-15 11:56:34.012] [sharedprocess] [info] Scanned user extensions: 7
[2018-03-15 11:56:34.054] [sharedprocess] [info] Scanned system extensions: 65
[2018-03-15 11:57:01.112] [sharedprocess] [info] Installing extension: amvim
[2018-03-15 11:57:02.256] [sharedprocess] [info] Downloaded extension: amvim
[2018-03-15 11:57:02.797] [sharedprocess] [info] Extracted extension to /root/.vscode/extensions/auiworks.amvim-1.24.0: auiworks.amvim-1.24.0
[2018-03-15 11:57:02.843] [sharedprocess] [info] Updated metadata of the extension: auiworks.amvim-1.24.0
[2018-03-15 11:57:02.844] [sharedprocess] [info] Extensions installed successfully: auiworks.amvim
[2018-03-15 11:57:03.055] [sharedprocess] [info] Scanned user extensions: 8
[2018-03-15 11:57:03.076] [sharedprocess] [info] Scanned system extensions: 65
[2018-03-15 11:57:07.393] [sharedprocess] [info] Scanned user extensions: 8
[2018-03-15 11:57:07.545] [sharedprocess] [info] Scanned user extensions: 8
[2018-03-15 11:57:07.721] [sharedprocess] [info] Scanned user extensions: 8
[2018-03-15 11:57:07.788] [sharedprocess] [info] Scanned system extensions: 65
[2018-03-15 11:57:07.795] [sharedprocess] [info] Scanned system extensions: 65
[2018-03-15 11:57:07.803] [sharedprocess] [info] Scanned system extensions: 65
[2018-03-15 11:57:07.808] [sharedprocess] [info] Scanned system extensions: 65
[2018-03-15 11:57:07.833] [sharedprocess] [info] Scanned user extensions: 8
[2018-03-15 11:57:07.849] [sharedprocess] [info] Scanned system extensions: 65
[2018-03-15 11:57:07.882] [sharedprocess] [info] Scanned user extensions: 8
[2018-03-15 11:57:07.939] [sharedprocess] [info] Scanned user extensions: 8
[2018-03-15 11:57:07.973] [sharedprocess] [info] Scanned user extensions: 8
[2018-03-15 11:57:08.016] [sharedprocess] [info] Scanned user extensions: 8
[2018-03-15 11:57:11.274] [sharedprocess] [info] Scanned user extensions: 8
[2018-03-15 11:57:32.293] [sharedprocess] [info] Scanned user extensions: 8
[2018-03-15 12:02:11.868] [sharedprocess] [info] Scanned user extensions: 8
[2018-03-15 12:07:12.809] [sharedprocess] [info] Scanned user extensions: 8
[2018-03-15 12:12:13.810] [sharedprocess] [info] Scanned user extensions: 8
[2018-03-15 12:17:19.331] [sharedprocess] [info] Scanned user extensions: 8
[2018-03-15 12:22:20.020] [sharedprocess] [info] Scanned user extensions: 8
[2018-03-15 12:27:21.432] [sharedprocess] [info] Scanned user extensions: 8
[2018-03-15 12:32:21.950] [sharedprocess] [info] Scanned user extensions: 8
[2018-03-15 12:37:22.449] [sharedprocess] [info] Scanned user extensions: 8
[2018-03-15 12:42:28.165] [sharedprocess] [info] Scanned user extensions: 8
[2018-03-15 12:47:28.657] [sharedprocess] [info] Scanned user extensions: 8
[2018-03-15 12:52:29.444] [sharedprocess] [info] Scanned user extensions: 8
[2018-03-15 12:57:30.002] [sharedprocess] [info] Scanned user extensions: 8
[2018-03-15 13:02:30.576] [sharedprocess] [info] Scanned user extensions: 8
[2018-03-15 13:07:41.085] [sharedprocess] [info] Scanned user extensions: 8
[2018-03-15 13:12:41.573] [sharedprocess] [info] Scanned user extensions: 8
[2018-03-15 13:17:48.248] [sharedprocess] [info] Scanned user extensions: 8
[2018-03-15 13:22:48.912] [sharedprocess] [info] Scanned user extensions: 8
[2018-03-15 13:28:07.431] [sharedprocess] [info] Scanned user extensions: 8
[2018-03-15 13:33:07.961] [sharedprocess] [info] Scanned user extensions: 8
[2018-03-15 13:38:08.486] [sharedprocess] [info] Scanned user extensions: 8
[2018-03-15 13:43:14.018] [sharedprocess] [info] Scanned user extensions: 8
[2018-03-15 13:48:14.707] [sharedprocess] [info] Scanned user extensions: 8
[2018-03-15 13:53:15.244] [sharedprocess] [info] Scanned user extensions: 8
[2018-03-15 13:54:14.022] [sharedprocess] [info] Scanned user extensions: 8
[2018-03-15 13:56:10.525] [sharedprocess] [info] Scanned user extensions: 8
[2018-03-15 13:58:15.944] [sharedprocess] [info] Scanned user extensions: 8
[2018-03-15 14:03:16.463] [sharedprocess] [info] Scanned user extensions: 8
[2018-03-15 14:08:16.979] [sharedprocess] [info] Scanned user extensions: 8
[2018-03-15 14:13:27.517] [sharedprocess] [info] Scanned user extensions: 8
[2018-03-15 14:18:39.314] [sharedprocess] [info] Scanned user extensions: 8
[2018-03-15 14:23:50.834] [sharedprocess] [info] Scanned user extensions: 8
[2018-03-15 14:28:51.347] [sharedprocess] [info] Scanned user extensions: 8
[2018-03-15 14:33:52.050] [sharedprocess] [info] Scanned user extensions: 8
[2018-03-15 14:38:58.686] [sharedprocess] [info] Scanned user extensions: 8
[2018-03-15 14:44:04.491] [sharedprocess] [info] Scanned user extensions: 8
[2018-03-15 14:49:06.095] [sharedprocess] [info] Scanned user extensions: 8
[2018-03-15 14:54:13.299] [sharedprocess] [info] Scanned user extensions: 8
[2018-03-15 14:59:18.826] [sharedprocess] [info] Scanned user extensions: 8
[2018-03-15 15:04:24.377] [sharedprocess] [info] Scanned user extensions: 8
[2018-03-15 15:09:42.707] [sharedprocess] [info] Scanned user extensions: 8
[2018-03-15 15:14:45.080] [sharedprocess] [info] Scanned user extensions: 8
[2018-03-15 15:19:45.612] [sharedprocess] [info] Scanned user extensions: 8
[2018-03-15 15:24:51.233] [sharedprocess] [info] Scanned user extensions: 8
[2018-03-15 15:29:51.767] [sharedprocess] [info] Scanned user extensions: 8
[2018-03-15 15:34:57.690] [sharedprocess] [info] Scanned user extensions: 8
[2018-03-15 15:40:13.335] [sharedprocess] [info] Scanned user extensions: 8
[2018-03-15 15:45:13.879] [sharedprocess] [info] Scanned user extensions: 8
[2018-03-15 15:50:14.631] [sharedprocess] [info] Scanned user extensions: 8
[2018-03-15 15:55:15.343] [sharedprocess] [info] Scanned user extensions: 8
[2018-03-15 16:00:15.956] [sharedprocess] [info] Scanned user extensions: 8
[2018-03-15 16:05:46.527] [sharedprocess] [info] Scanned user extensions: 8
[2018-03-15 16:10:53.006] [sharedprocess] [info] Scanned user extensions: 8
[2018-03-15 16:16:00.184] [sharedprocess] [info] Scanned user extensions: 8
[2018-03-15 16:21:17.484] [sharedprocess] [info] Scanned user extensions: 8
[2018-03-15 16:26:18.077] [sharedprocess] [info] Scanned user extensions: 8
[2018-03-15 16:27:24.550] [sharedprocess] [info] Scanned user extensions: 8
[2018-03-15 16:27:24.554] [sharedprocess] [info] Scanned system extensions: 65
[2018-03-15 16:27:32.763] [sharedprocess] [info] Scanned user extensions: 8
[2018-03-15 16:27:32.764] [sharedprocess] [info] Uninstalling extension: auiworks.amvim-1.24.0
[2018-03-15 16:27:32.766] [sharedprocess] [info] Requesting for confirmation to uninstall extension auiworks.amvim-1.24.0
[2018-03-15 16:27:32.766] [sharedprocess] [info] Routing choice request to the client window:1
[2018-03-15 16:27:34.319] [sharedprocess] [info] Scanned user extensions: 8
[2018-03-15 16:27:34.354] [sharedprocess] [info] Successfully uninstalled extension: auiworks.amvim-1.24.0
[2018-03-15 16:27:35.012] [sharedprocess] [info] Scanned user extensions: 7
[2018-03-15 16:27:35.017] [sharedprocess] [info] Scanned system extensions: 65
[2018-03-15 16:27:35.124] [sharedprocess] [info] Scanned user extensions: 7
[2018-03-15 16:27:35.173] [sharedprocess] [info] Scanned system extensions: 65
[2018-03-15 16:27:46.694] [sharedprocess] [info] Installing extension: vim
[2018-03-15 16:27:47.798] [sharedprocess] [info] Downloaded extension: vim
[2018-03-15 16:27:47.918] [sharedprocess] [info] Removed the extension from uninstalled list: vscodevim.vim-0.11.2
[2018-03-15 16:27:47.983] [sharedprocess] [info] Scanned user extensions: 8
[2018-03-15 16:27:47.984] [sharedprocess] [info] Extensions installed successfully: vscodevim.vim
[2018-03-15 16:27:48.204] [sharedprocess] [info] Scanned user extensions: 8
[2018-03-15 16:27:48.222] [sharedprocess] [info] Scanned system extensions: 65
[2018-03-15 16:27:52.098] [sharedprocess] [info] Scanned user extensions: 8
[2018-03-15 16:27:52.172] [sharedprocess] [info] Scanned user extensions: 8
[2018-03-15 16:27:52.319] [sharedprocess] [info] Scanned user extensions: 8
[2018-03-15 16:27:52.357] [sharedprocess] [info] Scanned system extensions: 65
[2018-03-15 16:27:52.365] [sharedprocess] [info] Scanned system extensions: 65
[2018-03-15 16:27:52.372] [sharedprocess] [info] Scanned system extensions: 65
[2018-03-15 16:27:52.374] [sharedprocess] [info] Scanned system extensions: 65
[2018-03-15 16:27:52.391] [sharedprocess] [info] Scanned user extensions: 8
[2018-03-15 16:27:52.459] [sharedprocess] [info] Scanned system extensions: 65
[2018-03-15 16:27:52.459] [sharedprocess] [info] Scanned user extensions: 8
[2018-03-15 16:27:52.513] [sharedprocess] [info] Scanned user extensions: 8
[2018-03-15 16:27:52.550] [sharedprocess] [info] Scanned user extensions: 8
[2018-03-15 16:27:52.590] [sharedprocess] [info] Scanned user extensions: 8
[2018-03-15 16:27:53.857] [sharedprocess] [info] Scanned user extensions: 8
[2018-03-15 16:27:55.915] [sharedprocess] [info] Scanned user extensions: 8
[2018-03-15 16:33:01.475] [sharedprocess] [info] Scanned user extensions: 8
[2018-03-15 16:35:24.662] [sharedprocess] [info] Scanned user extensions: 8
[2018-03-15 16:35:48.793] [sharedprocess] [info] Scanned user extensions: 8
[2018-03-15 16:35:48.798] [sharedprocess] [info] Uninstalling extension: vscodevim.vim-0.11.2
[2018-03-15 16:35:48.799] [sharedprocess] [info] Requesting for confirmation to uninstall extension vscodevim.vim-0.11.2
[2018-03-15 16:35:48.800] [sharedprocess] [info] Routing choice request to the client window:1
[2018-03-15 16:35:50.093] [sharedprocess] [info] Scanned user extensions: 8
[2018-03-15 16:35:50.127] [sharedprocess] [info] Successfully uninstalled extension: vscodevim.vim-0.11.2
[2018-03-15 16:36:02.727] [sharedprocess] [info] Scanned user extensions: 7
[2018-03-15 16:36:02.776] [sharedprocess] [info] Scanned system extensions: 65
[2018-03-15 16:36:02.859] [sharedprocess] [info] Scanned user extensions: 7
[2018-03-15 16:36:02.884] [sharedprocess] [info] Scanned system extensions: 65
[2018-03-15 16:36:05.282] [sharedprocess] [info] Installing extension: vim
[2018-03-15 16:36:11.326] [sharedprocess] [info] Downloaded extension: vim
[2018-03-15 16:36:11.479] [sharedprocess] [info] Removed the extension from uninstalled list: vscodevim.vim-0.11.2
[2018-03-15 16:36:11.535] [sharedprocess] [info] Scanned user extensions: 8
[2018-03-15 16:36:11.536] [sharedprocess] [info] Extensions installed successfully: vscodevim.vim
[2018-03-15 16:36:11.730] [sharedprocess] [info] Scanned user extensions: 8
[2018-03-15 16:36:11.754] [sharedprocess] [info] Scanned system extensions: 65
[2018-03-15 16:36:32.630] [sharedprocess] [info] Scanned user extensions: 8
[2018-03-15 16:36:32.631] [sharedprocess] [info] Uninstalling extension: vscodevim.vim-0.11.2
[2018-03-15 16:36:32.631] [sharedprocess] [info] Requesting for confirmation to uninstall extension vscodevim.vim-0.11.2
[2018-03-15 16:36:32.631] [sharedprocess] [info] Routing choice request to the client window:1
[2018-03-15 16:36:34.119] [sharedprocess] [info] Scanned user extensions: 8
[2018-03-15 16:36:34.153] [sharedprocess] [info] Successfully uninstalled extension: vscodevim.vim-0.11.2
[2018-03-15 16:36:34.465] [sharedprocess] [info] Scanned user extensions: 7
[2018-03-15 16:36:34.480] [sharedprocess] [info] Scanned system extensions: 65
[2018-03-15 16:36:34.572] [sharedprocess] [info] Scanned user extensions: 7
[2018-03-15 16:36:34.609] [sharedprocess] [info] Scanned system extensions: 65
[2018-03-15 16:36:38.280] [sharedprocess] [info] Scanned user extensions: 7
[2018-03-15 16:36:38.367] [sharedprocess] [info] Scanned user extensions: 7
[2018-03-15 16:36:38.549] [sharedprocess] [info] Scanned user extensions: 7
[2018-03-15 16:36:38.591] [sharedprocess] [info] Scanned system extensions: 65
[2018-03-15 16:36:38.602] [sharedprocess] [info] Scanned system extensions: 65
[2018-03-15 16:36:38.625] [sharedprocess] [info] Scanned system extensions: 65
[2018-03-15 16:36:38.630] [sharedprocess] [info] Scanned system extensions: 65
[2018-03-15 16:36:38.656] [sharedprocess] [info] Scanned user extensions: 7
[2018-03-15 16:36:38.710] [sharedprocess] [info] Scanned system extensions: 65
[2018-03-15 16:36:38.722] [sharedprocess] [info] Scanned user extensions: 7
[2018-03-15 16:36:38.762] [sharedprocess] [info] Scanned user extensions: 7
[2018-03-15 16:36:38.796] [sharedprocess] [info] Scanned user extensions: 7
[2018-03-15 16:36:38.840] [sharedprocess] [info] Scanned user extensions: 7
[2018-03-15 16:36:40.309] [sharedprocess] [info] Scanned user extensions: 7
[2018-03-15 16:36:42.099] [sharedprocess] [info] Scanned user extensions: 7
[2018-03-15 16:36:48.364] [sharedprocess] [info] Scanned user extensions: 7
[2018-03-15 16:36:48.431] [sharedprocess] [info] Scanned user extensions: 7
[2018-03-15 16:36:48.470] [sharedprocess] [info] Scanned system extensions: 65
[2018-03-15 16:36:48.477] [sharedprocess] [info] Scanned system extensions: 65
[2018-03-15 16:36:54.089] [sharedprocess] [info] Installing extension: vim
[2018-03-15 16:36:54.366] [sharedprocess] [info] Downloaded extension: vim
[2018-03-15 16:36:54.473] [sharedprocess] [info] Removed the extension from uninstalled list: vscodevim.vim-0.11.2
[2018-03-15 16:36:54.518] [sharedprocess] [info] Scanned user extensions: 8
[2018-03-15 16:36:54.519] [sharedprocess] [info] Extensions installed successfully: vscodevim.vim
[2018-03-15 16:36:54.789] [sharedprocess] [info] Scanned user extensions: 8
[2018-03-15 16:36:54.838] [sharedprocess] [info] Scanned system extensions: 65
[2018-03-15 16:36:58.878] [sharedprocess] [info] Scanned user extensions: 8
[2018-03-15 16:36:58.963] [sharedprocess] [info] Scanned user extensions: 8
[2018-03-15 16:36:59.067] [sharedprocess] [info] Scanned user extensions: 8
[2018-03-15 16:36:59.092] [sharedprocess] [info] Scanned system extensions: 65
[2018-03-15 16:36:59.099] [sharedprocess] [info] Scanned system extensions: 65
[2018-03-15 16:36:59.105] [sharedprocess] [info] Scanned system extensions: 65
[2018-03-15 16:36:59.108] [sharedprocess] [info] Scanned system extensions: 65
[2018-03-15 16:36:59.144] [sharedprocess] [info] Scanned user extensions: 8
[2018-03-15 16:36:59.152] [sharedprocess] [info] Scanned system extensions: 65
[2018-03-15 16:36:59.200] [sharedprocess] [info] Scanned user extensions: 8
[2018-03-15 16:36:59.255] [sharedprocess] [info] Scanned user extensions: 8
[2018-03-15 16:36:59.300] [sharedprocess] [info] Scanned user extensions: 8
[2018-03-15 16:36:59.346] [sharedprocess] [info] Scanned user extensions: 8
[2018-03-15 16:37:00.868] [sharedprocess] [info] Scanned user extensions: 8
[2018-03-15 16:37:02.683] [sharedprocess] [info] Scanned user extensions: 8
[2018-03-15 16:42:03.207] [sharedprocess] [info] Scanned user extensions: 8
[2018-03-15 16:46:07.432] [sharedprocess] [info] Scanned user extensions: 8
[2018-03-15 16:47:20.462] [sharedprocess] [info] Scanned user extensions: 8
[2018-03-15 16:52:21.153] [sharedprocess] [info] Scanned user extensions: 8
[2018-03-15 16:57:23.354] [sharedprocess] [info] Scanned user extensions: 8
[2018-03-15 17:02:29.096] [sharedprocess] [info] Scanned user extensions: 8
[2018-03-15 17:07:38.178] [sharedprocess] [info] Scanned user extensions: 8
[2018-03-15 17:12:38.681] [sharedprocess] [info] Scanned user extensions: 8
[2018-03-15 17:17:39.384] [sharedprocess] [info] Scanned user extensions: 8
[2018-03-15 17:22:40.599] [sharedprocess] [info] Scanned user extensions: 8
[2018-03-15 17:27:41.146] [sharedprocess] [info] Scanned user extensions: 8
[2018-03-15 17:32:48.924] [sharedprocess] [info] Scanned user extensions: 8
[2018-03-15 17:37:49.653] [sharedprocess] [info] Scanned user extensions: 8
[2018-03-15 17:43:00.686] [sharedprocess] [info] Scanned user extensions: 8
[2018-03-15 17:48:11.230] [sharedprocess] [info] Scanned user extensions: 8
[2018-03-15 17:53:19.324] [sharedprocess] [info] Scanned user extensions: 8
[2018-03-15 17:58:30.153] [sharedprocess] [info] Scanned user extensions: 8
[2018-03-15 18:03:35.107] [sharedprocess] [info] Scanned user extensions: 8
[2018-03-15 18:08:40.652] [sharedprocess] [info] Scanned user extensions: 8
[2018-03-15 18:13:41.404] [sharedprocess] [info] Scanned user extensions: 8
[2018-03-15 18:18:51.970] [sharedprocess] [info] Scanned user extensions: 8
[2018-03-15 18:23:52.503] [sharedprocess] [info] Scanned user extensions: 8
[2018-03-15 18:28:53.008] [sharedprocess] [info] Scanned user extensions: 8
[2018-03-15 18:34:02.482] [sharedprocess] [info] Scanned user extensions: 8
