##########Linting Output - pylint##########
No config file found, using default configuration
##########Linting Output - pylint##########
No config file found, using default configuration
##########Linting Output - pylint##########
No config file found, using default configuration
************* Module DatasetGen
1,0,error,E0611:No name 'ABC' in module 'abc'

-----------------------------------
Your code has been rated at 3.75/10

##########Linting Output - pylint##########
No config file found, using default configuration
************* Module DatasetGen
1,0,error,E0611:No name 'ABC' in module 'abc'

------------------------------------------------------------------
Your code has been rated at 3.75/10 (previous run: 3.75/10, +0.00)

##########Linting Output - pylint##########
No config file found, using default configuration
************* Module abc
121,8,error,E1601:print statement used
122,8,error,E1601:print statement used
126,16,error,E1601:print statement used

-----------------------------------
Your code has been rated at 8.17/10

##########Linting Output - pylint##########
No config file found, using default configuration
************* Module DatasetGen
1,0,error,E0611:No name 'ABC' in module 'abc'

------------------------------------------------------------------
Your code has been rated at 3.75/10 (previous run: 3.75/10, +0.00)

##########Linting Output - pylint##########
No config file found, using default configuration
************* Module DatasetGen
3,19,error,E0602:Undefined variable 'ABC'

------------------------------------------------------------------
Your code has been rated at 3.75/10 (previous run: 3.75/10, +0.00)

##########Linting Output - pylint##########
No config file found, using default configuration

-------------------------------------------------------------------
Your code has been rated at 10.00/10 (previous run: 3.75/10, +6.25)

##########Linting Output - pylint##########
No config file found, using default configuration

--------------------------------------------------------------------
Your code has been rated at 10.00/10 (previous run: 10.00/10, +0.00)

##########Linting Output - pylint##########
No config file found, using default configuration
************* Module RPNDataset
5,0,error,E0001:expected an indented block (<string>, line 5)
##########Linting Output - pylint##########
No config file found, using default configuration
************* Module RPNDataset
2,0,error,E0611:No name 'DatasetGen' in module 'DatasetGen'

------------------------------------
Your code has been rated at -6.67/10

##########Linting Output - pylint##########
No config file found, using default configuration
************* Module DatasetGen
6,0,error,E0001:non-default argument follows default argument (<string>, line 6)
##########Linting Output - pylint##########
No config file found, using default configuration
************* Module RPNDataset
2,0,error,E0401:Unable to import 'DatasetGen'

--------------------------------------------------------------------
Your code has been rated at -6.67/10 (previous run: -6.67/10, +0.00)

##########Linting Output - pylint##########
No config file found, using default configuration
************* Module DatasetGen
6,0,error,E0001:non-default argument follows default argument (<string>, line 6)
##########Linting Output - pylint##########
No config file found, using default configuration
************* Module DatasetGen
6,0,error,E0001:non-default argument follows default argument (<string>, line 6)
##########Linting Output - pylint##########
No config file found, using default configuration
************* Module DatasetGen
6,0,error,E0001:non-default argument follows default argument (<string>, line 6)
##########Linting Output - pylint##########
No config file found, using default configuration

--------------------------------------------------------------------
Your code has been rated at 10.00/10 (previous run: 10.00/10, +0.00)

##########Linting Output - pylint##########
No config file found, using default configuration

---------------------------------------------------------------------
Your code has been rated at 10.00/10 (previous run: -6.67/10, +16.67)

##########Linting Output - pylint##########
No config file found, using default configuration

--------------------------------------------------------------------
Your code has been rated at 10.00/10 (previous run: 10.00/10, +0.00)

##########Linting Output - pylint##########
No config file found, using default configuration

--------------------------------------------------------------------
Your code has been rated at 10.00/10 (previous run: 10.00/10, +0.00)

##########Linting Output - pylint##########
No config file found, using default configuration
************* Module RPNDataset
7,0,error,E1601:print statement used
7,6,error,E1101:Instance of 'ImageDataGenerator' has no 'class_indices' member

----------------------------------------------------------------------
Your code has been rated at -10.00/10 (previous run: 10.00/10, -20.00)

##########Linting Output - pylint##########
No config file found, using default configuration
************* Module RPNDataset
6,0,error,E0001:expected an indented block (<string>, line 6)
##########Linting Output - pylint##########
No config file found, using default configuration
************* Module RPNDataset
8,8,error,E0632:Possible unbalanced tuple unpacking with sequence []: left side has 4 label(s), right side has 0 value(s)
8,26,warning,W0612:Unused variable 'X_test'
8,8,warning,W0612:Unused variable 'X_train'
8,17,warning,W0612:Unused variable 'Y_train'
8,34,warning,W0612:Unused variable 'Y_test'

---------------------------------------------------------------------
Your code has been rated at -5.00/10 (previous run: -10.00/10, +5.00)

##########Linting Output - pylint##########
No config file found, using default configuration
************* Module RPNDataset
8,26,warning,W0612:Unused variable 'X_test'
8,8,warning,W0612:Unused variable 'X_train'
8,17,warning,W0612:Unused variable 'Y_train'
8,34,warning,W0612:Unused variable 'Y_test'

-------------------------------------------------------------------
Your code has been rated at 3.33/10 (previous run: -5.00/10, +8.33)

##########Linting Output - pylint##########
No config file found, using default configuration
************* Module RPNDataset
10,8,error,E0602:Undefined variable 'image_path_list'
12,8,error,E1601:print statement used
13,20,error,E0602:Undefined variable 'tqdm'
14,12,error,E0602:Undefined variable 'image_path_list'
16,8,error,E1601:print statement used
17,25,error,E0602:Undefined variable 'tqdm'
17,30,error,E0602:Undefined variable 'image_path_list'
18,20,error,E1101:Module 'cv2' has no 'imread' member
9,26,warning,W0612:Unused variable 'X_test'
9,17,warning,W0612:Unused variable 'Y_train'
9,34,warning,W0612:Unused variable 'Y_test'

---------------------------------------------------------------------
Your code has been rated at -16.88/10 (previous run: 3.33/10, -20.21)

##########Linting Output - pylint##########
No config file found, using default configuration
************* Module RPNDataset
12,8,error,E1601:print statement used
13,20,error,E0602:Undefined variable 'tqdm'
16,8,error,E1601:print statement used
17,25,error,E0602:Undefined variable 'tqdm'
18,20,error,E1101:Module 'cv2' has no 'imread' member
9,26,warning,W0612:Unused variable 'X_test'
9,17,warning,W0612:Unused variable 'Y_train'
9,34,warning,W0612:Unused variable 'Y_test'

---------------------------------------------------------------------
Your code has been rated at -7.50/10 (previous run: -16.88/10, +9.38)

##########Linting Output - pylint##########
No config file found, using default configuration
************* Module RPNDataset
13,8,error,E1601:print statement used
17,8,error,E1601:print statement used
19,20,error,E1101:Module 'cv2' has no 'imread' member
10,26,warning,W0612:Unused variable 'X_test'
10,17,warning,W0612:Unused variable 'Y_train'
10,34,warning,W0612:Unused variable 'Y_test'

--------------------------------------------------------------------
Your code has been rated at -0.59/10 (previous run: -7.50/10, +6.91)

##########Linting Output - pylint##########
No config file found, using default configuration
************* Module RPNDataset
13,8,error,E1601:print statement used
17,8,error,E1601:print statement used
19,20,error,E1101:Module 'cv2' has no 'imread' member
10,26,warning,W0612:Unused variable 'X_test'
10,17,warning,W0612:Unused variable 'Y_train'
10,34,warning,W0612:Unused variable 'Y_test'

--------------------------------------------------------------------
Your code has been rated at -0.59/10 (previous run: -0.59/10, +0.00)

