##########Linting Output - pylint##########
##########Linting Output - pylint##########
##########Linting Output - pylint##########
No config file found, using default configuration
************* Module RPNDataset
9,0,error,E0001:invalid syntax (<string>, line 9)
##########Linting Output - pylint##########
No config file found, using default configuration

--------------------------------------------------------------------
Your code has been rated at 10.00/10 (previous run: 10.00/10, +0.00)

##########Linting Output - pylint##########
No config file found, using default configuration
************* Module RPNDataset
51,0,error,E0001:expected an indented block (<string>, line 51)
##########Linting Output - pylint##########
No config file found, using default configuration
************* Module GenerateData
24,16,error,E1101:Module 'cv2' has no 'imread' member
25,16,error,E1101:Module 'cv2' has no 'resize' member
30,22,error,E1101:Module 'cv2' has no 'resize' member
36,8,error,E1101:Module 'cv2' has no 'imwrite' member
11,14,warning,W0612:Unused variable 'y_train'
11,25,warning,W0612:Unused variable 'X_test'
11,33,warning,W0612:Unused variable 'y_test'
15,4,warning,W0612:Unused variable 'classifiaction_file_name'

------------------------------------------------------------------
Your code has been rated at 5.93/10 (previous run: 5.93/10, +0.00)

##########Linting Output - pylint##########
No config file found, using default configuration

--------------------------------------------------------------------
Your code has been rated at 10.00/10 (previous run: 10.00/10, +0.00)

##########Linting Output - pylint##########
No config file found, using default configuration
************* Module RPNDataset
59,0,error,E0001:unexpected EOF while parsing (<string>, line 59)
##########Linting Output - pylint##########
No config file found, using default configuration

--------------------------------------------------------------------
Your code has been rated at 10.00/10 (previous run: 10.00/10, +0.00)

##########Linting Output - pylint##########
No config file found, using default configuration
************* Module RPNDataset
43,0,error,E0001:unexpected indent (<string>, line 43)
##########Linting Output - pylint##########
No config file found, using default configuration
************* Module test
3,0,error,E0001:invalid syntax (<string>, line 3)
##########Linting Output - pylint##########
No config file found, using default configuration

--------------------------------------------------------------------
Your code has been rated at 10.00/10 (previous run: 10.00/10, +0.00)

##########Linting Output - pylint##########
No config file found, using default configuration

--------------------------------------------------------------------
Your code has been rated at 10.00/10 (previous run: 10.00/10, +0.00)

##########Linting Output - pylint##########
No config file found, using default configuration

--------------------------------------------------------------------
Your code has been rated at 10.00/10 (previous run: 10.00/10, +0.00)

##########Linting Output - pylint##########
No config file found, using default configuration
************* Module test
5,6,error,E1136:Value 'arr' is unsubscriptable

--------------------------------------------------------------------
Your code has been rated at 0.00/10 (previous run: 10.00/10, -10.00)

##########Linting Output - pylint##########
No config file found, using default configuration

--------------------------------------------------------------------
Your code has been rated at 10.00/10 (previous run: 0.00/10, +10.00)

##########Linting Output - pylint##########
No config file found, using default configuration
************* Module test
6,0,error,E0001:invalid syntax (<string>, line 6)
##########Linting Output - pylint##########
No config file found, using default configuration

--------------------------------------------------------------------
Your code has been rated at 10.00/10 (previous run: 10.00/10, +0.00)

##########Linting Output - pylint##########
No config file found, using default configuration

--------------------------------------------------------------------
Your code has been rated at 10.00/10 (previous run: 10.00/10, +0.00)

##########Linting Output - pylint##########
No config file found, using default configuration
************* Module RPNDataset
43,0,error,E0001:unexpected indent (<string>, line 43)
##########Linting Output - pylint##########
No config file found, using default configuration

--------------------------------------------------------------------
Your code has been rated at 10.00/10 (previous run: 10.00/10, +0.00)

##########Linting Output - pylint##########
No config file found, using default configuration

--------------------------------------------------------------------
Your code has been rated at 10.00/10 (previous run: 10.00/10, +0.00)

##########Linting Output - pylint##########
No config file found, using default configuration
************* Module test
4,23,error,E1101:Instance of 'str' has no 'read' member

-------------------------------------------------------------------
Your code has been rated at 1.67/10 (previous run: 10.00/10, -8.33)

##########Linting Output - pylint##########
No config file found, using default configuration
************* Module test
4,0,error,E0001:invalid syntax (<string>, line 4)
##########Linting Output - pylint##########
No config file found, using default configuration

-------------------------------------------------------------------
Your code has been rated at 10.00/10 (previous run: 1.67/10, +8.33)

##########Linting Output - pylint##########
No config file found, using default configuration

--------------------------------------------------------------------
Your code has been rated at 10.00/10 (previous run: 10.00/10, +0.00)

##########Linting Output - pylint##########
No config file found, using default configuration

--------------------------------------------------------------------
Your code has been rated at 10.00/10 (previous run: 10.00/10, +0.00)

##########Linting Output - pylint##########
No config file found, using default configuration

--------------------------------------------------------------------
Your code has been rated at 10.00/10 (previous run: 10.00/10, +0.00)

##########Linting Output - pylint##########
No config file found, using default configuration
************* Module RPNDataset
75,0,error,E0001:invalid syntax (<string>, line 75)
##########Linting Output - pylint##########
No config file found, using default configuration
************* Module RPNDataset
19,8,error,E0632:Possible unbalanced tuple unpacking with sequence ([], [], [], []): left side has 3 label(s), right side has 4 value(s)
29,20,error,E1101:Module 'cv2' has no 'imread' member
45,22,error,E0602:Undefined variable 'labePath'
49,45,error,E0602:Undefined variable 'r'
50,52,error,E0602:Undefined variable 'r'
52,48,error,E0602:Undefined variable 'r'
52,55,error,E0602:Undefined variable 'r'
53,48,error,E0602:Undefined variable 'r'
53,55,error,E0602:Undefined variable 'r'
54,48,error,E0602:Undefined variable 'r'
54,55,error,E0602:Undefined variable 'r'
19,17,warning,W0612:Unused variable 'Y_train_reg'
19,30,warning,W0612:Unused variable 'Y_train_cls'
37,21,warning,W0612:Unused variable 'lbl_tmp_cls'
39,8,warning,W0612:Unused variable 'file_str'
42,12,warning,W0612:Unused variable 'labelPath'
46,16,warning,W0612:Unused variable 'arr'
61,4,error,E0213:Method should have "self" as first argument
75,63,error,E0602:Undefined variable 'self'

-------------------------------------------------------------------
Your code has been rated at -1.83/10 (previous run: 6.52/10, -8.36)

##########Linting Output - pylint##########
No config file found, using default configuration
************* Module RPNDataset
19,8,error,E0632:Possible unbalanced tuple unpacking with sequence ([], [], [], []): left side has 3 label(s), right side has 4 value(s)
29,20,error,E1101:Module 'cv2' has no 'imread' member
45,22,error,E0602:Undefined variable 'labePath'
49,45,error,E0602:Undefined variable '_r'
50,52,error,E0602:Undefined variable 'r'
52,48,error,E0602:Undefined variable 'r'
52,55,error,E0602:Undefined variable 'r'
53,48,error,E0602:Undefined variable 'r'
53,55,error,E0602:Undefined variable 'r'
54,48,error,E0602:Undefined variable 'r'
54,55,error,E0602:Undefined variable 'r'
19,17,warning,W0612:Unused variable 'Y_train_reg'
19,30,warning,W0612:Unused variable 'Y_train_cls'
37,21,warning,W0612:Unused variable 'lbl_tmp_cls'
39,8,warning,W0612:Unused variable 'file_str'
42,12,warning,W0612:Unused variable 'labelPath'
46,16,warning,W0612:Unused variable 'arr'
61,4,error,E0213:Method should have "self" as first argument
75,63,error,E0602:Undefined variable 'self'

--------------------------------------------------------------------
Your code has been rated at -1.83/10 (previous run: -1.83/10, +0.00)

##########Linting Output - pylint##########
No config file found, using default configuration
************* Module RPNDataset
19,8,error,E0632:Possible unbalanced tuple unpacking with sequence ([], [], [], []): left side has 3 label(s), right side has 4 value(s)
29,20,error,E1101:Module 'cv2' has no 'imread' member
45,22,error,E0602:Undefined variable 'labePath'
19,17,warning,W0612:Unused variable 'Y_train_reg'
19,30,warning,W0612:Unused variable 'Y_train_cls'
37,21,warning,W0612:Unused variable 'lbl_tmp_cls'
39,8,warning,W0612:Unused variable 'file_str'
42,12,warning,W0612:Unused variable 'labelPath'
46,16,warning,W0612:Unused variable 'arr'
61,4,error,E0213:Method should have "self" as first argument
75,63,error,E0602:Undefined variable 'self'

-------------------------------------------------------------------
Your code has been rated at 4.83/10 (previous run: -1.83/10, +6.67)

##########Linting Output - pylint##########
No config file found, using default configuration

--------------------------------------------------------------------
Your code has been rated at 10.00/10 (previous run: 10.00/10, +0.00)

##########Linting Output - pylint##########
No config file found, using default configuration
************* Module RPNDataset
19,8,error,E0632:Possible unbalanced tuple unpacking with sequence ([], [], [], []): left side has 3 label(s), right side has 4 value(s)
29,20,error,E1101:Module 'cv2' has no 'imread' member
19,17,warning,W0612:Unused variable 'Y_train_reg'
19,30,warning,W0612:Unused variable 'Y_train_cls'
37,21,warning,W0612:Unused variable 'lbl_tmp_cls'
39,8,warning,W0612:Unused variable 'file_str'
46,16,warning,W0612:Unused variable 'arr'

------------------------------------------------------------------
Your code has been rated at 7.58/10 (previous run: 4.83/10, +2.75)

##########Linting Output - pylint##########
No config file found, using default configuration

--------------------------------------------------------------------
Your code has been rated at 10.00/10 (previous run: 10.00/10, +0.00)

##########Linting Output - pylint##########
No config file found, using default configuration

--------------------------------------------------------------------
Your code has been rated at 10.00/10 (previous run: 10.00/10, +0.00)

##########Linting Output - pylint##########
No config file found, using default configuration

--------------------------------------------------------------------
Your code has been rated at 10.00/10 (previous run: 10.00/10, +0.00)

##########Linting Output - pylint##########
No config file found, using default configuration

--------------------------------------------------------------------
Your code has been rated at 10.00/10 (previous run: 10.00/10, +0.00)

##########Linting Output - pylint##########
No config file found, using default configuration

--------------------------------------------------------------------
Your code has been rated at 10.00/10 (previous run: 10.00/10, +0.00)

##########Linting Output - pylint##########
No config file found, using default configuration

--------------------------------------------------------------------
Your code has been rated at 10.00/10 (previous run: 10.00/10, +0.00)

##########Linting Output - pylint##########
No config file found, using default configuration
************* Module RPNDataset
23,8,error,E0632:Possible unbalanced tuple unpacking with sequence ([], [], [], []): left side has 3 label(s), right side has 4 value(s)
35,20,error,E1101:Module 'cv2' has no 'imread' member
62,27,error,E1120:No value for argument 'arr' in method call
45,8,warning,W0612:Unused variable 'file_str'
53,16,warning,W0612:Unused variable 'arr'
15,12,error,E0203:Access to member '_sizes' before its definition line 18
16,12,error,E0203:Access to member '_sizes' before its definition line 18
17,12,error,E0203:Access to member '_sizes' before its definition line 18

------------------------------------------------------------------
Your code has been rated at 5.43/10 (previous run: 7.58/10, -2.15)

##########Linting Output - pylint##########
No config file found, using default configuration
************* Module RPNDataset
23,8,error,E0632:Possible unbalanced tuple unpacking with sequence ([], [], [], []): left side has 3 label(s), right side has 4 value(s)
35,20,error,E1101:Module 'cv2' has no 'imread' member
45,8,warning,W0612:Unused variable 'file_str'
15,12,error,E0203:Access to member '_sizes' before its definition line 18
16,12,error,E0203:Access to member '_sizes' before its definition line 18
17,12,error,E0203:Access to member '_sizes' before its definition line 18

------------------------------------------------------------------
Your code has been rated at 6.29/10 (previous run: 5.43/10, +0.86)

