##########Linting Output - pylint##########
##########Linting Output - pylint##########
No config file found, using default configuration
************* Module test
7,6,error,E1101:Module 'cv2' has no 'imread' member
8,6,error,E1101:Module 'cv2' has no 'resize' member
9,10,error,E1101:Module 'cv2' has no 'resize' member
11,0,error,E1101:Module 'cv2' has no 'imwrite' member

--------------------------------------------------------------------
Your code has been rated at -8.18/10 (previous run: -8.18/10, +0.00)

##########Linting Output - pylint##########
No config file found, using default configuration
************* Module GenerateData
20,16,error,E1101:Module 'cv2' has no 'imread' member
21,16,error,E1101:Module 'cv2' has no 'resize' member
31,22,error,E1101:Module 'cv2' has no 'resize' member
34,8,error,E1101:Module 'cv2' has no 'imwrite' member
11,14,warning,W0612:Unused variable 'y_train'
11,25,warning,W0612:Unused variable 'X_test'
11,33,warning,W0612:Unused variable 'y_test'

------------------------------------------------------------------
Your code has been rated at 5.49/10 (previous run: 5.49/10, +0.00)

##########Linting Output - pylint##########
No config file found, using default configuration
************* Module GenerateData
20,16,error,E1101:Module 'cv2' has no 'imread' member
21,16,error,E1101:Module 'cv2' has no 'resize' member
31,22,error,E1101:Module 'cv2' has no 'resize' member
34,8,error,E1101:Module 'cv2' has no 'imwrite' member
11,14,warning,W0612:Unused variable 'y_train'
11,25,warning,W0612:Unused variable 'X_test'
11,33,warning,W0612:Unused variable 'y_test'

------------------------------------------------------------------
Your code has been rated at 5.49/10 (previous run: 5.49/10, +0.00)

##########Linting Output - pylint##########
No config file found, using default configuration
************* Module GenerateData
20,16,error,E1101:Module 'cv2' has no 'imread' member
21,16,error,E1101:Module 'cv2' has no 'resize' member
31,22,error,E1101:Module 'cv2' has no 'resize' member
34,8,error,E1101:Module 'cv2' has no 'imwrite' member
11,14,warning,W0612:Unused variable 'y_train'
11,25,warning,W0612:Unused variable 'X_test'
11,33,warning,W0612:Unused variable 'y_test'

------------------------------------------------------------------
Your code has been rated at 5.74/10 (previous run: 5.49/10, +0.25)

##########Linting Output - pylint##########
No config file found, using default configuration
************* Module GenerateData
20,16,error,E1101:Module 'cv2' has no 'imread' member
21,16,error,E1101:Module 'cv2' has no 'resize' member
31,22,error,E1101:Module 'cv2' has no 'resize' member
34,8,error,E1101:Module 'cv2' has no 'imwrite' member
11,14,warning,W0612:Unused variable 'y_train'
11,25,warning,W0612:Unused variable 'X_test'
11,33,warning,W0612:Unused variable 'y_test'

------------------------------------------------------------------
Your code has been rated at 5.74/10 (previous run: 5.74/10, +0.00)

##########Linting Output - pylint##########
No config file found, using default configuration
************* Module GenerateData
59,0,error,E0001:invalid syntax (<string>, line 59)
##########Linting Output - pylint##########
No config file found, using default configuration
************* Module GenerateData
20,16,error,E1101:Module 'cv2' has no 'imread' member
21,16,error,E1101:Module 'cv2' has no 'resize' member
31,22,error,E1101:Module 'cv2' has no 'resize' member
34,8,error,E1101:Module 'cv2' has no 'imwrite' member
11,14,warning,W0612:Unused variable 'y_train'
11,25,warning,W0612:Unused variable 'X_test'
11,33,warning,W0612:Unused variable 'y_test'

------------------------------------------------------------------
Your code has been rated at 5.74/10 (previous run: 5.74/10, +0.00)

##########Linting Output - pylint##########
No config file found, using default configuration
************* Module test
7,6,error,E1101:Module 'cv2' has no 'imread' member
8,6,error,E1101:Module 'cv2' has no 'resize' member
9,10,error,E1101:Module 'cv2' has no 'resize' member
11,0,error,E1101:Module 'cv2' has no 'imwrite' member

--------------------------------------------------------------------
Your code has been rated at -8.18/10 (previous run: -8.18/10, +0.00)

##########Linting Output - pylint##########
No config file found, using default configuration
************* Module GenerateData
20,16,error,E1101:Module 'cv2' has no 'imread' member
21,16,error,E1101:Module 'cv2' has no 'resize' member
31,22,error,E1101:Module 'cv2' has no 'resize' member
34,8,error,E1101:Module 'cv2' has no 'imwrite' member
11,14,warning,W0612:Unused variable 'y_train'
11,25,warning,W0612:Unused variable 'X_test'
11,33,warning,W0612:Unused variable 'y_test'

------------------------------------------------------------------
Your code has been rated at 5.82/10 (previous run: 5.74/10, +0.08)

##########Linting Output - pylint##########
No config file found, using default configuration

---------------------------------------------------------------------
Your code has been rated at 10.00/10 (previous run: -8.18/10, +18.18)

##########Linting Output - pylint##########
No config file found, using default configuration
************* Module test
2,0,error,E0001:invalid syntax (<string>, line 2)
##########Linting Output - pylint##########
No config file found, using default configuration

--------------------------------------------------------------------
Your code has been rated at 10.00/10 (previous run: 10.00/10, +0.00)

##########Linting Output - pylint##########
No config file found, using default configuration
************* Module test
3,0,error,E0001:invalid syntax (<string>, line 3)
##########Linting Output - pylint##########
No config file found, using default configuration

--------------------------------------------------------------------
Your code has been rated at 10.00/10 (previous run: 10.00/10, +0.00)

##########Linting Output - pylint##########
No config file found, using default configuration

--------------------------------------------------------------------
Your code has been rated at 10.00/10 (previous run: 10.00/10, +0.00)

##########Linting Output - pylint##########
No config file found, using default configuration

--------------------------------------------------------------------
Your code has been rated at 10.00/10 (previous run: 10.00/10, +0.00)

##########Linting Output - pylint##########
No config file found, using default configuration

--------------------------------------------------------------------
Your code has been rated at 10.00/10 (previous run: 10.00/10, +0.00)

##########Linting Output - pylint##########
No config file found, using default configuration

--------------------------------------------------------------------
Your code has been rated at 10.00/10 (previous run: 10.00/10, +0.00)

##########Linting Output - pylint##########
No config file found, using default configuration
************* Module GenerateData
20,16,error,E1101:Module 'cv2' has no 'imread' member
21,16,error,E1101:Module 'cv2' has no 'resize' member
31,22,error,E1101:Module 'cv2' has no 'resize' member
35,59,error,E0602:Undefined variable 'num'
37,8,error,E1101:Module 'cv2' has no 'imwrite' member
11,14,warning,W0612:Unused variable 'y_train'
11,25,warning,W0612:Unused variable 'X_test'
11,33,warning,W0612:Unused variable 'y_test'

------------------------------------------------------------------
Your code has been rated at 5.09/10 (previous run: 5.82/10, -0.73)

##########Linting Output - pylint##########
No config file found, using default configuration
************* Module GenerateData
20,16,error,E1101:Module 'cv2' has no 'imread' member
21,16,error,E1101:Module 'cv2' has no 'resize' member
31,22,error,E1101:Module 'cv2' has no 'resize' member
35,59,error,E0602:Undefined variable 'num'
37,8,error,E1101:Module 'cv2' has no 'imwrite' member
11,14,warning,W0612:Unused variable 'y_train'
11,25,warning,W0612:Unused variable 'X_test'
11,33,warning,W0612:Unused variable 'y_test'

------------------------------------------------------------------
Your code has been rated at 5.09/10 (previous run: 5.09/10, +0.00)

##########Linting Output - pylint##########
No config file found, using default configuration
************* Module GenerateData
20,16,error,E1101:Module 'cv2' has no 'imread' member
21,16,error,E1101:Module 'cv2' has no 'resize' member
31,22,error,E1101:Module 'cv2' has no 'resize' member
37,8,error,E1101:Module 'cv2' has no 'imwrite' member
11,14,warning,W0612:Unused variable 'y_train'
11,25,warning,W0612:Unused variable 'X_test'
11,33,warning,W0612:Unused variable 'y_test'

------------------------------------------------------------------
Your code has been rated at 5.96/10 (previous run: 5.09/10, +0.88)

##########Linting Output - pylint##########
No config file found, using default configuration
************* Module GenerateData
17,0,error,E0001:invalid syntax (<string>, line 17)
##########Linting Output - pylint##########
No config file found, using default configuration
************* Module GenerateData
29,16,error,E1101:Module 'cv2' has no 'imread' member
30,16,error,E1101:Module 'cv2' has no 'resize' member
40,22,error,E1101:Module 'cv2' has no 'resize' member
46,8,error,E1101:Module 'cv2' has no 'imwrite' member
11,14,warning,W0612:Unused variable 'y_train'
11,25,warning,W0612:Unused variable 'X_test'
11,33,warning,W0612:Unused variable 'y_test'

------------------------------------------------------------------
Your code has been rated at 6.35/10 (previous run: 5.96/10, +0.38)

##########Linting Output - pylint##########
No config file found, using default configuration
************* Module GenerateData
17,7,error,E1101:Instance of 'bool' has no 'st_size' member
19,7,error,E1101:Instance of 'bool' has no 'st_size' member
29,16,error,E1101:Module 'cv2' has no 'imread' member
30,16,error,E1101:Module 'cv2' has no 'resize' member
40,22,error,E1101:Module 'cv2' has no 'resize' member
46,8,error,E1101:Module 'cv2' has no 'imwrite' member
11,14,warning,W0612:Unused variable 'y_train'
11,25,warning,W0612:Unused variable 'X_test'
11,33,warning,W0612:Unused variable 'y_test'

------------------------------------------------------------------
Your code has been rated at 4.76/10 (previous run: 6.35/10, -1.59)

##########Linting Output - pylint##########
No config file found, using default configuration
************* Module GenerateData
29,16,error,E1101:Module 'cv2' has no 'imread' member
30,16,error,E1101:Module 'cv2' has no 'resize' member
40,22,error,E1101:Module 'cv2' has no 'resize' member
46,8,error,E1101:Module 'cv2' has no 'imwrite' member
11,14,warning,W0612:Unused variable 'y_train'
11,25,warning,W0612:Unused variable 'X_test'
11,33,warning,W0612:Unused variable 'y_test'

------------------------------------------------------------------
Your code has been rated at 6.35/10 (previous run: 4.76/10, +1.59)

##########Linting Output - pylint##########
No config file found, using default configuration
************* Module GenerateData
29,16,error,E1101:Module 'cv2' has no 'imread' member
30,16,error,E1101:Module 'cv2' has no 'resize' member
40,22,error,E1101:Module 'cv2' has no 'resize' member
46,8,error,E1101:Module 'cv2' has no 'imwrite' member
11,14,warning,W0612:Unused variable 'y_train'
11,25,warning,W0612:Unused variable 'X_test'
11,33,warning,W0612:Unused variable 'y_test'

------------------------------------------------------------------
Your code has been rated at 6.35/10 (previous run: 6.35/10, +0.00)

##########Linting Output - pylint##########
No config file found, using default configuration
************* Module GenerateData
30,16,error,E1101:Module 'cv2' has no 'imread' member
31,16,error,E1101:Module 'cv2' has no 'resize' member
36,22,error,E1101:Module 'cv2' has no 'resize' member
42,8,error,E1101:Module 'cv2' has no 'imwrite' member
11,14,warning,W0612:Unused variable 'y_train'
11,25,warning,W0612:Unused variable 'X_test'
11,33,warning,W0612:Unused variable 'y_test'

------------------------------------------------------------------
Your code has been rated at 6.35/10 (previous run: 6.35/10, +0.00)

##########Linting Output - pylint##########
No config file found, using default configuration
************* Module GenerateData
24,16,error,E1101:Module 'cv2' has no 'imread' member
25,16,error,E1101:Module 'cv2' has no 'resize' member
30,22,error,E1101:Module 'cv2' has no 'resize' member
36,8,error,E1101:Module 'cv2' has no 'imwrite' member
11,14,warning,W0612:Unused variable 'y_train'
11,25,warning,W0612:Unused variable 'X_test'
11,33,warning,W0612:Unused variable 'y_test'
15,4,warning,W0612:Unused variable 'classifiaction_file_name'

------------------------------------------------------------------
Your code has been rated at 5.93/10 (previous run: 6.35/10, -0.42)

##########Linting Output - pylint##########
No config file found, using default configuration

--------------------------------------------------------------------
Your code has been rated at 10.00/10 (previous run: 10.00/10, +0.00)

##########Linting Output - pylint##########
No config file found, using default configuration
************* Module GenerateData
24,16,error,E1101:Module 'cv2' has no 'imread' member
25,16,error,E1101:Module 'cv2' has no 'resize' member
30,22,error,E1101:Module 'cv2' has no 'resize' member
36,8,error,E1101:Module 'cv2' has no 'imwrite' member
11,14,warning,W0612:Unused variable 'y_train'
11,25,warning,W0612:Unused variable 'X_test'
11,33,warning,W0612:Unused variable 'y_test'
15,4,warning,W0612:Unused variable 'classifiaction_file_name'

------------------------------------------------------------------
Your code has been rated at 5.93/10 (previous run: 5.93/10, +0.00)

##########Linting Output - pylint##########
No config file found, using default configuration

--------------------------------------------------------------------
Your code has been rated at 10.00/10 (previous run: 10.00/10, +0.00)

##########Linting Output - pylint##########
No config file found, using default configuration
************* Module RPNDataset
25,20,error,E1101:Module 'cv2' has no 'imread' member
16,17,warning,W0612:Unused variable 'Y_train'
16,26,warning,W0612:Unused variable 'X_test'
16,34,warning,W0612:Unused variable 'Y_test'

------------------------------------------------------------------
Your code has been rated at 6.52/10 (previous run: 6.52/10, +0.00)

##########Linting Output - pylint##########
No config file found, using default configuration
************* Module RPNDataset
38,0,error,E0001:expected an indented block (<string>, line 38)
##########Linting Output - pylint##########
No config file found, using default configuration
************* Module RPNDataset
47,0,error,E0001:expected an indented block (<string>, line 47)
