[2018-04-06 18:42:07.107] [exthost1] [info] extension host started
[2018-04-06 18:42:07.156] [exthost1] [info] ExtensionService#_doActivateExtension vscode.emmet {"startup":true,"activationEvent":"*"}
[2018-04-06 18:42:07.156] [exthost1] [info] ExtensionService#loadCommonJSModule /usr/share/code/resources/app/extensions/emmet/out/extension
[2018-04-06 18:42:07.833] [exthost1] [info] ExtensionService#_doActivateExtension vscode.git {"startup":true,"activationEvent":"*"}
[2018-04-06 18:42:07.834] [exthost1] [info] ExtensionService#loadCommonJSModule /usr/share/code/resources/app/extensions/git/out/main
[2018-04-06 18:42:08.588] [exthost1] [info] ExtensionService#_doActivateExtension vscode.merge-conflict {"startup":true,"activationEvent":"*"}
[2018-04-06 18:42:08.588] [exthost1] [info] ExtensionService#loadCommonJSModule /usr/share/code/resources/app/extensions/merge-conflict/out/extension
[2018-04-06 18:42:08.913] [exthost1] [info] ExtensionService#_doActivateExtension ionutvmi.path-autocomplete {"startup":true,"activationEvent":"*"}
[2018-04-06 18:42:08.913] [exthost1] [info] ExtensionService#loadCommonJSModule /root/.vscode/extensions/ionutvmi.path-autocomplete-1.9.0/out/src/extension
[2018-04-06 18:42:09.030] [exthost1] [info] ExtensionService#_doActivateExtension schneiderpat.aspnet-helper {"startup":true,"activationEvent":"*"}
[2018-04-06 18:42:09.030] [exthost1] [info] ExtensionService#loadCommonJSModule /root/.vscode/extensions/schneiderpat.aspnet-helper-0.6.4/out/src/extension
[2018-04-06 18:42:09.215] [exthost1] [info] ExtensionService#_doActivateExtension vscodevim.vim {"startup":true,"activationEvent":"*"}
[2018-04-06 18:42:09.215] [exthost1] [info] ExtensionService#loadCommonJSModule /root/.vscode/extensions/vscodevim.vim-0.11.3/out/extension
[2018-04-06 18:42:10.182] [exthost1] [info] ExtensionService#_doActivateExtension vscode.python {"startup":false,"activationEvent":"onLanguage:python"}
[2018-04-06 18:42:10.182] [exthost1] [info] ExtensionService#loadCommonJSModule /usr/share/code/resources/app/extensions/python/out/pythonMain
[2018-04-06 18:42:10.213] [exthost1] [info] ExtensionService#_doActivateExtension ms-python.python {"startup":false,"activationEvent":"onLanguage:python"}
[2018-04-06 18:42:10.213] [exthost1] [info] ExtensionService#loadCommonJSModule /root/.vscode/extensions/ms-python.python-2018.3.1/out/client/extension
[2018-04-06 18:42:11.884] [exthost1] [info] ExtensionService#_doActivateExtension tht13.python {"startup":false,"activationEvent":"onLanguage:python"}
[2018-04-06 18:42:11.884] [exthost1] [info] ExtensionService#loadCommonJSModule /root/.vscode/extensions/tht13.python-0.2.3/out/client/src/pythonMain
[2018-04-06 18:42:12.512] [exthost1] [info] eager extensions activated
[2018-04-06 18:46:21.241] [exthost1] [info] ExtensionService#_doActivateExtension ms-vscode.csharp {"startup":false,"activationEvent":"onDebug"}
[2018-04-06 18:46:21.241] [exthost1] [info] ExtensionService#loadCommonJSModule /root/.vscode/extensions/ms-vscode.csharp-1.14.0/out/src/main
[2018-04-06 18:46:22.181] [exthost1] [info] ExtensionService#_doActivateExtension ms-vscode.mono-debug {"startup":false,"activationEvent":"onDebug"}
[2018-04-06 18:46:22.181] [exthost1] [info] ExtensionService#loadCommonJSModule /root/.vscode/extensions/ms-vscode.mono-debug-0.15.8/out/extension
[2018-04-06 18:58:50.849] [exthost1] [info] ExtensionService#_doActivateExtension vscode.html {"startup":false,"activationEvent":"onLanguage:html"}
[2018-04-06 18:58:50.849] [exthost1] [info] ExtensionService#loadCommonJSModule /usr/share/code/resources/app/extensions/html/client/out/htmlMain
