[2018-03-06 12:35:29.353] [exthost1] [info] extension host started
[2018-03-06 12:35:29.426] [exthost1] [info] ExtensionService#_doActivateExtension vscode.emmet {"startup":true,"activationEvent":"*"}
[2018-03-06 12:35:29.427] [exthost1] [info] ExtensionService#loadCommonJSModule /usr/share/code/resources/app/extensions/emmet/out/extension
[2018-03-06 12:35:29.909] [exthost1] [info] ExtensionService#_doActivateExtension vscode.git {"startup":true,"activationEvent":"*"}
[2018-03-06 12:35:29.909] [exthost1] [info] ExtensionService#loadCommonJSModule /usr/share/code/resources/app/extensions/git/out/main
[2018-03-06 12:35:30.377] [exthost1] [info] ExtensionService#_doActivateExtension vscode.merge-conflict {"startup":true,"activationEvent":"*"}
[2018-03-06 12:35:30.377] [exthost1] [info] ExtensionService#loadCommonJSModule /usr/share/code/resources/app/extensions/merge-conflict/out/extension
[2018-03-06 12:35:30.424] [exthost1] [info] ExtensionService#_doActivateExtension vscodevim.vim {"startup":true,"activationEvent":"*"}
[2018-03-06 12:35:30.424] [exthost1] [info] ExtensionService#loadCommonJSModule /root/.vscode/extensions/vscodevim.vim-0.11.0/out/extension
[2018-03-06 12:35:32.693] [exthost1] [info] eager extensions activated
[2018-03-06 12:35:32.701] [exthost1] [info] ExtensionService#_doActivateExtension vscode.python {"startup":false,"activationEvent":"onLanguage:python"}
[2018-03-06 12:35:32.701] [exthost1] [info] ExtensionService#loadCommonJSModule /usr/share/code/resources/app/extensions/python/out/pythonMain
[2018-03-06 12:35:32.728] [exthost1] [info] ExtensionService#_doActivateExtension donjayamanne.jupyter {"startup":false,"activationEvent":"onLanguage:python"}
[2018-03-06 12:35:32.728] [exthost1] [info] ExtensionService#loadCommonJSModule /root/.vscode/extensions/donjayamanne.jupyter-1.1.4/out/src/extension
[2018-03-06 12:35:35.732] [exthost1] [info] ExtensionService#_doActivateExtension ms-python.python {"startup":false,"activationEvent":"onLanguage:python"}
[2018-03-06 12:35:35.732] [exthost1] [info] ExtensionService#loadCommonJSModule /root/.vscode/extensions/ms-python.python-2018.1.0/out/client/extension
[2018-03-06 12:38:45.858] [exthost1] [info] ExtensionService#_doActivateExtension vscode.configuration-editing {"startup":false,"activationEvent":"onLanguage:jsonc"}
[2018-03-06 12:38:45.858] [exthost1] [info] ExtensionService#loadCommonJSModule /usr/share/code/resources/app/extensions/configuration-editing/out/extension
[2018-03-06 12:38:45.915] [exthost1] [info] ExtensionService#_doActivateExtension vscode.json {"startup":false,"activationEvent":"onLanguage:jsonc"}
[2018-03-06 12:38:45.915] [exthost1] [info] ExtensionService#loadCommonJSModule /usr/share/code/resources/app/extensions/json/client/out/jsonMain
[2018-03-06 12:58:33.527] [exthost1] [info] ExtensionService#_doActivateExtension ms-vscode.node-debug2 {"startup":false,"activationEvent":"onDebugInitialConfigurations"}
[2018-03-06 12:58:33.528] [exthost1] [info] ExtensionService#loadCommonJSModule /usr/share/code/resources/app/extensions/ms-vscode.node-debug2/out/src/extension
[2018-03-06 12:58:33.595] [exthost1] [info] ExtensionService#_doActivateExtension ms-vscode.node-debug {"startup":false,"activationEvent":"onDebugInitialConfigurations"}
[2018-03-06 12:58:33.595] [exthost1] [info] ExtensionService#loadCommonJSModule /usr/share/code/resources/app/extensions/ms-vscode.node-debug/out/node/extension/extension.js
