[2018-03-11 18:58:45.923] [exthost1] [info] extension host started
[2018-03-11 18:58:45.950] [exthost1] [info] ExtensionService#_doActivateExtension vscode.emmet {"startup":true,"activationEvent":"*"}
[2018-03-11 18:58:45.950] [exthost1] [info] ExtensionService#loadCommonJSModule /usr/share/code/resources/app/extensions/emmet/out/extension
[2018-03-11 18:58:46.892] [exthost1] [info] ExtensionService#_doActivateExtension vscode.git {"startup":true,"activationEvent":"*"}
[2018-03-11 18:58:46.892] [exthost1] [info] ExtensionService#loadCommonJSModule /usr/share/code/resources/app/extensions/git/out/main
[2018-03-11 18:58:47.529] [exthost1] [info] ExtensionService#_doActivateExtension vscode.merge-conflict {"startup":true,"activationEvent":"*"}
[2018-03-11 18:58:47.529] [exthost1] [info] ExtensionService#loadCommonJSModule /usr/share/code/resources/app/extensions/merge-conflict/out/extension
[2018-03-11 18:58:47.691] [exthost1] [info] ExtensionService#_doActivateExtension ionutvmi.path-autocomplete {"startup":true,"activationEvent":"*"}
[2018-03-11 18:58:47.691] [exthost1] [info] ExtensionService#loadCommonJSModule /root/.vscode/extensions/ionutvmi.path-autocomplete-1.8.1/out/src/extension
[2018-03-11 18:58:47.804] [exthost1] [info] ExtensionService#_doActivateExtension schneiderpat.aspnet-helper {"startup":true,"activationEvent":"*"}
[2018-03-11 18:58:47.804] [exthost1] [info] ExtensionService#loadCommonJSModule /root/.vscode/extensions/schneiderpat.aspnet-helper-0.6.4/out/src/extension
[2018-03-11 18:58:47.957] [exthost1] [info] ExtensionService#_doActivateExtension vscodevim.vim {"startup":true,"activationEvent":"*"}
[2018-03-11 18:58:47.957] [exthost1] [info] ExtensionService#loadCommonJSModule /root/.vscode/extensions/vscodevim.vim-0.11.2/out/extension
[2018-03-11 18:58:48.855] [exthost1] [info] ExtensionService#_doActivateExtension vscode.python {"startup":false,"activationEvent":"onLanguage:python"}
[2018-03-11 18:58:48.856] [exthost1] [info] ExtensionService#loadCommonJSModule /usr/share/code/resources/app/extensions/python/out/pythonMain
[2018-03-11 18:58:48.877] [exthost1] [info] ExtensionService#_doActivateExtension ms-python.python {"startup":false,"activationEvent":"onLanguage:python"}
[2018-03-11 18:58:48.877] [exthost1] [info] ExtensionService#loadCommonJSModule /root/.vscode/extensions/ms-python.python-2018.2.1/out/client/extension
[2018-03-11 18:58:52.970] [exthost1] [info] ExtensionService#_doActivateExtension tht13.python {"startup":false,"activationEvent":"onLanguage:python"}
[2018-03-11 18:58:52.970] [exthost1] [info] ExtensionService#loadCommonJSModule /root/.vscode/extensions/tht13.python-0.2.3/out/client/src/pythonMain
[2018-03-11 18:58:54.445] [exthost1] [info] eager extensions activated
[2018-03-11 19:30:57.166] [exthost1] [info] ExtensionService#_doActivateExtension vscode.html {"startup":false,"activationEvent":"onLanguage:html"}
[2018-03-11 19:30:57.166] [exthost1] [info] ExtensionService#loadCommonJSModule /usr/share/code/resources/app/extensions/html/client/out/htmlMain
[2018-03-11 19:43:40.238] [exthost1] [info] ExtensionService#_doActivateExtension ms-vscode.csharp {"startup":false,"activationEvent":"onDebug"}
[2018-03-11 19:43:40.238] [exthost1] [info] ExtensionService#loadCommonJSModule /root/.vscode/extensions/ms-vscode.csharp-1.14.0/out/src/main
[2018-03-11 19:43:42.162] [exthost1] [info] ExtensionService#_doActivateExtension ms-vscode.mono-debug {"startup":false,"activationEvent":"onDebug"}
[2018-03-11 19:43:42.162] [exthost1] [info] ExtensionService#loadCommonJSModule /root/.vscode/extensions/ms-vscode.mono-debug-0.15.8/out/extension
